[2021-04-20 15:04:05] local.ERROR: SQLSTATE[HY000] [1045] Access denied for user 'root'@'localhost' (using password: NO) (SQL: select * from information_schema.tables where table_schema = laravel and table_name = migrations and table_type = 'BASE TABLE') {"exception":"[object] (Illuminate\\Database\\QueryException(code: 1045): SQLSTATE[HY000] [1045] Access denied for user 'root'@'localhost' (using password: NO) (SQL: select * from information_schema.tables where table_schema = laravel and table_name = migrations and table_type = 'BASE TABLE') at D:\\.Programs\\xampp\\htdocs\\YOUCOUNSEL\\vendor\\laravel\\framework\\src\\Illuminate\\Database\\Connection.php:678)
[stacktrace]
#0 D:\\.Programs\\xampp\\htdocs\\YOUCOUNSEL\\vendor\\laravel\\framework\\src\\Illuminate\\Database\\Connection.php(638): Illuminate\\Database\\Connection->runQueryCallback('select * from i...', Array, Object(Closure))
#1 D:\\.Programs\\xampp\\htdocs\\YOUCOUNSEL\\vendor\\laravel\\framework\\src\\Illuminate\\Database\\Connection.php(346): Illuminate\\Database\\Connection->run('select * from i...', Array, Object(Closure))
#2 D:\\.Programs\\xampp\\htdocs\\YOUCOUNSEL\\vendor\\laravel\\framework\\src\\Illuminate\\Database\\Schema\\MySqlBuilder.php(44): Illuminate\\Database\\Connection->select('select * from i...', Array)
#3 D:\\.Programs\\xampp\\htdocs\\YOUCOUNSEL\\vendor\\laravel\\framework\\src\\Illuminate\\Database\\Migrations\\DatabaseMigrationRepository.php(169): Illuminate\\Database\\Schema\\MySqlBuilder->hasTable('migrations')
#4 D:\\.Programs\\xampp\\htdocs\\YOUCOUNSEL\\vendor\\laravel\\framework\\src\\Illuminate\\Database\\Migrations\\Migrator.php(643): Illuminate\\Database\\Migrations\\DatabaseMigrationRepository->repositoryExists()
#5 D:\\.Programs\\xampp\\htdocs\\YOUCOUNSEL\\vendor\\laravel\\framework\\src\\Illuminate\\Database\\Console\\Migrations\\MigrateCommand.php(106): Illuminate\\Database\\Migrations\\Migrator->repositoryExists()
#6 D:\\.Programs\\xampp\\htdocs\\YOUCOUNSEL\\vendor\\laravel\\framework\\src\\Illuminate\\Database\\Console\\Migrations\\MigrateCommand.php(77): Illuminate\\Database\\Console\\Migrations\\MigrateCommand->prepareDatabase()
#7 D:\\.Programs\\xampp\\htdocs\\YOUCOUNSEL\\vendor\\laravel\\framework\\src\\Illuminate\\Database\\Migrations\\Migrator.php(576): Illuminate\\Database\\Console\\Migrations\\MigrateCommand->Illuminate\\Database\\Console\\Migrations\\{closure}()
#8 D:\\.Programs\\xampp\\htdocs\\YOUCOUNSEL\\vendor\\laravel\\framework\\src\\Illuminate\\Database\\Console\\Migrations\\MigrateCommand.php(94): Illuminate\\Database\\Migrations\\Migrator->usingConnection(NULL, Object(Closure))
#9 D:\\.Programs\\xampp\\htdocs\\YOUCOUNSEL\\vendor\\laravel\\framework\\src\\Illuminate\\Container\\BoundMethod.php(36): Illuminate\\Database\\Console\\Migrations\\MigrateCommand->handle()
#10 D:\\.Programs\\xampp\\htdocs\\YOUCOUNSEL\\vendor\\laravel\\framework\\src\\Illuminate\\Container\\Util.php(40): Illuminate\\Container\\BoundMethod::Illuminate\\Container\\{closure}()
#11 D:\\.Programs\\xampp\\htdocs\\YOUCOUNSEL\\vendor\\laravel\\framework\\src\\Illuminate\\Container\\BoundMethod.php(93): Illuminate\\Container\\Util::unwrapIfClosure(Object(Closure))
#12 D:\\.Programs\\xampp\\htdocs\\YOUCOUNSEL\\vendor\\laravel\\framework\\src\\Illuminate\\Container\\BoundMethod.php(37): Illuminate\\Container\\BoundMethod::callBoundMethod(Object(Illuminate\\Foundation\\Application), Array, Object(Closure))
#13 D:\\.Programs\\xampp\\htdocs\\YOUCOUNSEL\\vendor\\laravel\\framework\\src\\Illuminate\\Container\\Container.php(611): Illuminate\\Container\\BoundMethod::call(Object(Illuminate\\Foundation\\Application), Array, Array, NULL)
#14 D:\\.Programs\\xampp\\htdocs\\YOUCOUNSEL\\vendor\\laravel\\framework\\src\\Illuminate\\Console\\Command.php(136): Illuminate\\Container\\Container->call(Array)
#15 D:\\.Programs\\xampp\\htdocs\\YOUCOUNSEL\\vendor\\symfony\\console\\Command\\Command.php(256): Illuminate\\Console\\Command->execute(Object(Symfony\\Component\\Console\\Input\\ArgvInput), Object(Illuminate\\Console\\OutputStyle))
#16 D:\\.Programs\\xampp\\htdocs\\YOUCOUNSEL\\vendor\\laravel\\framework\\src\\Illuminate\\Console\\Command.php(121): Symfony\\Component\\Console\\Command\\Command->run(Object(Symfony\\Component\\Console\\Input\\ArgvInput), Object(Illuminate\\Console\\OutputStyle))
#17 D:\\.Programs\\xampp\\htdocs\\YOUCOUNSEL\\vendor\\symfony\\console\\Application.php(971): Illuminate\\Console\\Command->run(Object(Symfony\\Component\\Console\\Input\\ArgvInput), Object(Symfony\\Component\\Console\\Output\\ConsoleOutput))
#18 D:\\.Programs\\xampp\\htdocs\\YOUCOUNSEL\\vendor\\symfony\\console\\Application.php(290): Symfony\\Component\\Console\\Application->doRunCommand(Object(Illuminate\\Database\\Console\\Migrations\\MigrateCommand), Object(Symfony\\Component\\Console\\Input\\ArgvInput), Object(Symfony\\Component\\Console\\Output\\ConsoleOutput))
#19 D:\\.Programs\\xampp\\htdocs\\YOUCOUNSEL\\vendor\\symfony\\console\\Application.php(166): Symfony\\Component\\Console\\Application->doRun(Object(Symfony\\Component\\Console\\Input\\ArgvInput), Object(Symfony\\Component\\Console\\Output\\ConsoleOutput))
#20 D:\\.Programs\\xampp\\htdocs\\YOUCOUNSEL\\vendor\\laravel\\framework\\src\\Illuminate\\Console\\Application.php(92): Symfony\\Component\\Console\\Application->run(Object(Symfony\\Component\\Console\\Input\\ArgvInput), Object(Symfony\\Component\\Console\\Output\\ConsoleOutput))
#21 D:\\.Programs\\xampp\\htdocs\\YOUCOUNSEL\\vendor\\laravel\\framework\\src\\Illuminate\\Foundation\\Console\\Kernel.php(129): Illuminate\\Console\\Application->run(Object(Symfony\\Component\\Console\\Input\\ArgvInput), Object(Symfony\\Component\\Console\\Output\\ConsoleOutput))
#22 D:\\.Programs\\xampp\\htdocs\\YOUCOUNSEL\\artisan(37): Illuminate\\Foundation\\Console\\Kernel->handle(Object(Symfony\\Component\\Console\\Input\\ArgvInput), Object(Symfony\\Component\\Console\\Output\\ConsoleOutput))
#23 {main}

[previous exception] [object] (PDOException(code: 1045): SQLSTATE[HY000] [1045] Access denied for user 'root'@'localhost' (using password: NO) at D:\\.Programs\\xampp\\htdocs\\YOUCOUNSEL\\vendor\\laravel\\framework\\src\\Illuminate\\Database\\Connectors\\Connector.php:70)
[stacktrace]
#0 D:\\.Programs\\xampp\\htdocs\\YOUCOUNSEL\\vendor\\laravel\\framework\\src\\Illuminate\\Database\\Connectors\\Connector.php(70): PDO->__construct('mysql:host=127....', 'root', '', Array)
#1 D:\\.Programs\\xampp\\htdocs\\YOUCOUNSEL\\vendor\\laravel\\framework\\src\\Illuminate\\Database\\Connectors\\Connector.php(46): Illuminate\\Database\\Connectors\\Connector->createPdoConnection('mysql:host=127....', 'root', '', Array)
#2 D:\\.Programs\\xampp\\htdocs\\YOUCOUNSEL\\vendor\\laravel\\framework\\src\\Illuminate\\Database\\Connectors\\MySqlConnector.php(24): Illuminate\\Database\\Connectors\\Connector->createConnection('mysql:host=127....', Array, Array)
#3 D:\\.Programs\\xampp\\htdocs\\YOUCOUNSEL\\vendor\\laravel\\framework\\src\\Illuminate\\Database\\Connectors\\ConnectionFactory.php(184): Illuminate\\Database\\Connectors\\MySqlConnector->connect(Array)
#4 [internal function]: Illuminate\\Database\\Connectors\\ConnectionFactory->Illuminate\\Database\\Connectors\\{closure}()
#5 D:\\.Programs\\xampp\\htdocs\\YOUCOUNSEL\\vendor\\laravel\\framework\\src\\Illuminate\\Database\\Connection.php(949): call_user_func(Object(Closure))
#6 D:\\.Programs\\xampp\\htdocs\\YOUCOUNSEL\\vendor\\laravel\\framework\\src\\Illuminate\\Database\\Connection.php(984): Illuminate\\Database\\Connection->getPdo()
#7 D:\\.Programs\\xampp\\htdocs\\YOUCOUNSEL\\vendor\\laravel\\framework\\src\\Illuminate\\Database\\Connection.php(412): Illuminate\\Database\\Connection->getReadPdo()
#8 D:\\.Programs\\xampp\\htdocs\\YOUCOUNSEL\\vendor\\laravel\\framework\\src\\Illuminate\\Database\\Connection.php(338): Illuminate\\Database\\Connection->getPdoForSelect(true)
#9 D:\\.Programs\\xampp\\htdocs\\YOUCOUNSEL\\vendor\\laravel\\framework\\src\\Illuminate\\Database\\Connection.php(671): Illuminate\\Database\\Connection->Illuminate\\Database\\{closure}('select * from i...', Array)
#10 D:\\.Programs\\xampp\\htdocs\\YOUCOUNSEL\\vendor\\laravel\\framework\\src\\Illuminate\\Database\\Connection.php(638): Illuminate\\Database\\Connection->runQueryCallback('select * from i...', Array, Object(Closure))
#11 D:\\.Programs\\xampp\\htdocs\\YOUCOUNSEL\\vendor\\laravel\\framework\\src\\Illuminate\\Database\\Connection.php(346): Illuminate\\Database\\Connection->run('select * from i...', Array, Object(Closure))
#12 D:\\.Programs\\xampp\\htdocs\\YOUCOUNSEL\\vendor\\laravel\\framework\\src\\Illuminate\\Database\\Schema\\MySqlBuilder.php(44): Illuminate\\Database\\Connection->select('select * from i...', Array)
#13 D:\\.Programs\\xampp\\htdocs\\YOUCOUNSEL\\vendor\\laravel\\framework\\src\\Illuminate\\Database\\Migrations\\DatabaseMigrationRepository.php(169): Illuminate\\Database\\Schema\\MySqlBuilder->hasTable('migrations')
#14 D:\\.Programs\\xampp\\htdocs\\YOUCOUNSEL\\vendor\\laravel\\framework\\src\\Illuminate\\Database\\Migrations\\Migrator.php(643): Illuminate\\Database\\Migrations\\DatabaseMigrationRepository->repositoryExists()
#15 D:\\.Programs\\xampp\\htdocs\\YOUCOUNSEL\\vendor\\laravel\\framework\\src\\Illuminate\\Database\\Console\\Migrations\\MigrateCommand.php(106): Illuminate\\Database\\Migrations\\Migrator->repositoryExists()
#16 D:\\.Programs\\xampp\\htdocs\\YOUCOUNSEL\\vendor\\laravel\\framework\\src\\Illuminate\\Database\\Console\\Migrations\\MigrateCommand.php(77): Illuminate\\Database\\Console\\Migrations\\MigrateCommand->prepareDatabase()
#17 D:\\.Programs\\xampp\\htdocs\\YOUCOUNSEL\\vendor\\laravel\\framework\\src\\Illuminate\\Database\\Migrations\\Migrator.php(576): Illuminate\\Database\\Console\\Migrations\\MigrateCommand->Illuminate\\Database\\Console\\Migrations\\{closure}()
#18 D:\\.Programs\\xampp\\htdocs\\YOUCOUNSEL\\vendor\\laravel\\framework\\src\\Illuminate\\Database\\Console\\Migrations\\MigrateCommand.php(94): Illuminate\\Database\\Migrations\\Migrator->usingConnection(NULL, Object(Closure))
#19 D:\\.Programs\\xampp\\htdocs\\YOUCOUNSEL\\vendor\\laravel\\framework\\src\\Illuminate\\Container\\BoundMethod.php(36): Illuminate\\Database\\Console\\Migrations\\MigrateCommand->handle()
#20 D:\\.Programs\\xampp\\htdocs\\YOUCOUNSEL\\vendor\\laravel\\framework\\src\\Illuminate\\Container\\Util.php(40): Illuminate\\Container\\BoundMethod::Illuminate\\Container\\{closure}()
#21 D:\\.Programs\\xampp\\htdocs\\YOUCOUNSEL\\vendor\\laravel\\framework\\src\\Illuminate\\Container\\BoundMethod.php(93): Illuminate\\Container\\Util::unwrapIfClosure(Object(Closure))
#22 D:\\.Programs\\xampp\\htdocs\\YOUCOUNSEL\\vendor\\laravel\\framework\\src\\Illuminate\\Container\\BoundMethod.php(37): Illuminate\\Container\\BoundMethod::callBoundMethod(Object(Illuminate\\Foundation\\Application), Array, Object(Closure))
#23 D:\\.Programs\\xampp\\htdocs\\YOUCOUNSEL\\vendor\\laravel\\framework\\src\\Illuminate\\Container\\Container.php(611): Illuminate\\Container\\BoundMethod::call(Object(Illuminate\\Foundation\\Application), Array, Array, NULL)
#24 D:\\.Programs\\xampp\\htdocs\\YOUCOUNSEL\\vendor\\laravel\\framework\\src\\Illuminate\\Console\\Command.php(136): Illuminate\\Container\\Container->call(Array)
#25 D:\\.Programs\\xampp\\htdocs\\YOUCOUNSEL\\vendor\\symfony\\console\\Command\\Command.php(256): Illuminate\\Console\\Command->execute(Object(Symfony\\Component\\Console\\Input\\ArgvInput), Object(Illuminate\\Console\\OutputStyle))
#26 D:\\.Programs\\xampp\\htdocs\\YOUCOUNSEL\\vendor\\laravel\\framework\\src\\Illuminate\\Console\\Command.php(121): Symfony\\Component\\Console\\Command\\Command->run(Object(Symfony\\Component\\Console\\Input\\ArgvInput), Object(Illuminate\\Console\\OutputStyle))
#27 D:\\.Programs\\xampp\\htdocs\\YOUCOUNSEL\\vendor\\symfony\\console\\Application.php(971): Illuminate\\Console\\Command->run(Object(Symfony\\Component\\Console\\Input\\ArgvInput), Object(Symfony\\Component\\Console\\Output\\ConsoleOutput))
#28 D:\\.Programs\\xampp\\htdocs\\YOUCOUNSEL\\vendor\\symfony\\console\\Application.php(290): Symfony\\Component\\Console\\Application->doRunCommand(Object(Illuminate\\Database\\Console\\Migrations\\MigrateCommand), Object(Symfony\\Component\\Console\\Input\\ArgvInput), Object(Symfony\\Component\\Console\\Output\\ConsoleOutput))
#29 D:\\.Programs\\xampp\\htdocs\\YOUCOUNSEL\\vendor\\symfony\\console\\Application.php(166): Symfony\\Component\\Console\\Application->doRun(Object(Symfony\\Component\\Console\\Input\\ArgvInput), Object(Symfony\\Component\\Console\\Output\\ConsoleOutput))
#30 D:\\.Programs\\xampp\\htdocs\\YOUCOUNSEL\\vendor\\laravel\\framework\\src\\Illuminate\\Console\\Application.php(92): Symfony\\Component\\Console\\Application->run(Object(Symfony\\Component\\Console\\Input\\ArgvInput), Object(Symfony\\Component\\Console\\Output\\ConsoleOutput))
#31 D:\\.Programs\\xampp\\htdocs\\YOUCOUNSEL\\vendor\\laravel\\framework\\src\\Illuminate\\Foundation\\Console\\Kernel.php(129): Illuminate\\Console\\Application->run(Object(Symfony\\Component\\Console\\Input\\ArgvInput), Object(Symfony\\Component\\Console\\Output\\ConsoleOutput))
#32 D:\\.Programs\\xampp\\htdocs\\YOUCOUNSEL\\artisan(37): Illuminate\\Foundation\\Console\\Kernel->handle(Object(Symfony\\Component\\Console\\Input\\ArgvInput), Object(Symfony\\Component\\Console\\Output\\ConsoleOutput))
#33 {main}
"} 
[2021-04-20 15:05:20] local.ERROR: SQLSTATE[HY000] [1049] Unknown database 'laravel' (SQL: select * from information_schema.tables where table_schema = laravel and table_name = migrations and table_type = 'BASE TABLE') {"exception":"[object] (Illuminate\\Database\\QueryException(code: 1049): SQLSTATE[HY000] [1049] Unknown database 'laravel' (SQL: select * from information_schema.tables where table_schema = laravel and table_name = migrations and table_type = 'BASE TABLE') at D:\\.Programs\\xampp\\htdocs\\YOUCOUNSEL\\vendor\\laravel\\framework\\src\\Illuminate\\Database\\Connection.php:678)
[stacktrace]
#0 D:\\.Programs\\xampp\\htdocs\\YOUCOUNSEL\\vendor\\laravel\\framework\\src\\Illuminate\\Database\\Connection.php(638): Illuminate\\Database\\Connection->runQueryCallback('select * from i...', Array, Object(Closure))
#1 D:\\.Programs\\xampp\\htdocs\\YOUCOUNSEL\\vendor\\laravel\\framework\\src\\Illuminate\\Database\\Connection.php(346): Illuminate\\Database\\Connection->run('select * from i...', Array, Object(Closure))
#2 D:\\.Programs\\xampp\\htdocs\\YOUCOUNSEL\\vendor\\laravel\\framework\\src\\Illuminate\\Database\\Schema\\MySqlBuilder.php(44): Illuminate\\Database\\Connection->select('select * from i...', Array)
#3 D:\\.Programs\\xampp\\htdocs\\YOUCOUNSEL\\vendor\\laravel\\framework\\src\\Illuminate\\Database\\Migrations\\DatabaseMigrationRepository.php(169): Illuminate\\Database\\Schema\\MySqlBuilder->hasTable('migrations')
#4 D:\\.Programs\\xampp\\htdocs\\YOUCOUNSEL\\vendor\\laravel\\framework\\src\\Illuminate\\Database\\Migrations\\Migrator.php(643): Illuminate\\Database\\Migrations\\DatabaseMigrationRepository->repositoryExists()
#5 D:\\.Programs\\xampp\\htdocs\\YOUCOUNSEL\\vendor\\laravel\\framework\\src\\Illuminate\\Database\\Console\\Migrations\\MigrateCommand.php(106): Illuminate\\Database\\Migrations\\Migrator->repositoryExists()
#6 D:\\.Programs\\xampp\\htdocs\\YOUCOUNSEL\\vendor\\laravel\\framework\\src\\Illuminate\\Database\\Console\\Migrations\\MigrateCommand.php(77): Illuminate\\Database\\Console\\Migrations\\MigrateCommand->prepareDatabase()
#7 D:\\.Programs\\xampp\\htdocs\\YOUCOUNSEL\\vendor\\laravel\\framework\\src\\Illuminate\\Database\\Migrations\\Migrator.php(576): Illuminate\\Database\\Console\\Migrations\\MigrateCommand->Illuminate\\Database\\Console\\Migrations\\{closure}()
#8 D:\\.Programs\\xampp\\htdocs\\YOUCOUNSEL\\vendor\\laravel\\framework\\src\\Illuminate\\Database\\Console\\Migrations\\MigrateCommand.php(94): Illuminate\\Database\\Migrations\\Migrator->usingConnection(NULL, Object(Closure))
#9 D:\\.Programs\\xampp\\htdocs\\YOUCOUNSEL\\vendor\\laravel\\framework\\src\\Illuminate\\Container\\BoundMethod.php(36): Illuminate\\Database\\Console\\Migrations\\MigrateCommand->handle()
#10 D:\\.Programs\\xampp\\htdocs\\YOUCOUNSEL\\vendor\\laravel\\framework\\src\\Illuminate\\Container\\Util.php(40): Illuminate\\Container\\BoundMethod::Illuminate\\Container\\{closure}()
#11 D:\\.Programs\\xampp\\htdocs\\YOUCOUNSEL\\vendor\\laravel\\framework\\src\\Illuminate\\Container\\BoundMethod.php(93): Illuminate\\Container\\Util::unwrapIfClosure(Object(Closure))
#12 D:\\.Programs\\xampp\\htdocs\\YOUCOUNSEL\\vendor\\laravel\\framework\\src\\Illuminate\\Container\\BoundMethod.php(37): Illuminate\\Container\\BoundMethod::callBoundMethod(Object(Illuminate\\Foundation\\Application), Array, Object(Closure))
#13 D:\\.Programs\\xampp\\htdocs\\YOUCOUNSEL\\vendor\\laravel\\framework\\src\\Illuminate\\Container\\Container.php(611): Illuminate\\Container\\BoundMethod::call(Object(Illuminate\\Foundation\\Application), Array, Array, NULL)
#14 D:\\.Programs\\xampp\\htdocs\\YOUCOUNSEL\\vendor\\laravel\\framework\\src\\Illuminate\\Console\\Command.php(136): Illuminate\\Container\\Container->call(Array)
#15 D:\\.Programs\\xampp\\htdocs\\YOUCOUNSEL\\vendor\\symfony\\console\\Command\\Command.php(256): Illuminate\\Console\\Command->execute(Object(Symfony\\Component\\Console\\Input\\ArgvInput), Object(Illuminate\\Console\\OutputStyle))
#16 D:\\.Programs\\xampp\\htdocs\\YOUCOUNSEL\\vendor\\laravel\\framework\\src\\Illuminate\\Console\\Command.php(121): Symfony\\Component\\Console\\Command\\Command->run(Object(Symfony\\Component\\Console\\Input\\ArgvInput), Object(Illuminate\\Console\\OutputStyle))
#17 D:\\.Programs\\xampp\\htdocs\\YOUCOUNSEL\\vendor\\symfony\\console\\Application.php(971): Illuminate\\Console\\Command->run(Object(Symfony\\Component\\Console\\Input\\ArgvInput), Object(Symfony\\Component\\Console\\Output\\ConsoleOutput))
#18 D:\\.Programs\\xampp\\htdocs\\YOUCOUNSEL\\vendor\\symfony\\console\\Application.php(290): Symfony\\Component\\Console\\Application->doRunCommand(Object(Illuminate\\Database\\Console\\Migrations\\MigrateCommand), Object(Symfony\\Component\\Console\\Input\\ArgvInput), Object(Symfony\\Component\\Console\\Output\\ConsoleOutput))
#19 D:\\.Programs\\xampp\\htdocs\\YOUCOUNSEL\\vendor\\symfony\\console\\Application.php(166): Symfony\\Component\\Console\\Application->doRun(Object(Symfony\\Component\\Console\\Input\\ArgvInput), Object(Symfony\\Component\\Console\\Output\\ConsoleOutput))
#20 D:\\.Programs\\xampp\\htdocs\\YOUCOUNSEL\\vendor\\laravel\\framework\\src\\Illuminate\\Console\\Application.php(92): Symfony\\Component\\Console\\Application->run(Object(Symfony\\Component\\Console\\Input\\ArgvInput), Object(Symfony\\Component\\Console\\Output\\ConsoleOutput))
#21 D:\\.Programs\\xampp\\htdocs\\YOUCOUNSEL\\vendor\\laravel\\framework\\src\\Illuminate\\Foundation\\Console\\Kernel.php(129): Illuminate\\Console\\Application->run(Object(Symfony\\Component\\Console\\Input\\ArgvInput), Object(Symfony\\Component\\Console\\Output\\ConsoleOutput))
#22 D:\\.Programs\\xampp\\htdocs\\YOUCOUNSEL\\artisan(37): Illuminate\\Foundation\\Console\\Kernel->handle(Object(Symfony\\Component\\Console\\Input\\ArgvInput), Object(Symfony\\Component\\Console\\Output\\ConsoleOutput))
#23 {main}

[previous exception] [object] (PDOException(code: 1049): SQLSTATE[HY000] [1049] Unknown database 'laravel' at D:\\.Programs\\xampp\\htdocs\\YOUCOUNSEL\\vendor\\laravel\\framework\\src\\Illuminate\\Database\\Connectors\\Connector.php:70)
[stacktrace]
#0 D:\\.Programs\\xampp\\htdocs\\YOUCOUNSEL\\vendor\\laravel\\framework\\src\\Illuminate\\Database\\Connectors\\Connector.php(70): PDO->__construct('mysql:host=127....', 'root', '1202184224', Array)
#1 D:\\.Programs\\xampp\\htdocs\\YOUCOUNSEL\\vendor\\laravel\\framework\\src\\Illuminate\\Database\\Connectors\\Connector.php(46): Illuminate\\Database\\Connectors\\Connector->createPdoConnection('mysql:host=127....', 'root', '1202184224', Array)
#2 D:\\.Programs\\xampp\\htdocs\\YOUCOUNSEL\\vendor\\laravel\\framework\\src\\Illuminate\\Database\\Connectors\\MySqlConnector.php(24): Illuminate\\Database\\Connectors\\Connector->createConnection('mysql:host=127....', Array, Array)
#3 D:\\.Programs\\xampp\\htdocs\\YOUCOUNSEL\\vendor\\laravel\\framework\\src\\Illuminate\\Database\\Connectors\\ConnectionFactory.php(184): Illuminate\\Database\\Connectors\\MySqlConnector->connect(Array)
#4 [internal function]: Illuminate\\Database\\Connectors\\ConnectionFactory->Illuminate\\Database\\Connectors\\{closure}()
#5 D:\\.Programs\\xampp\\htdocs\\YOUCOUNSEL\\vendor\\laravel\\framework\\src\\Illuminate\\Database\\Connection.php(949): call_user_func(Object(Closure))
#6 D:\\.Programs\\xampp\\htdocs\\YOUCOUNSEL\\vendor\\laravel\\framework\\src\\Illuminate\\Database\\Connection.php(984): Illuminate\\Database\\Connection->getPdo()
#7 D:\\.Programs\\xampp\\htdocs\\YOUCOUNSEL\\vendor\\laravel\\framework\\src\\Illuminate\\Database\\Connection.php(412): Illuminate\\Database\\Connection->getReadPdo()
#8 D:\\.Programs\\xampp\\htdocs\\YOUCOUNSEL\\vendor\\laravel\\framework\\src\\Illuminate\\Database\\Connection.php(338): Illuminate\\Database\\Connection->getPdoForSelect(true)
#9 D:\\.Programs\\xampp\\htdocs\\YOUCOUNSEL\\vendor\\laravel\\framework\\src\\Illuminate\\Database\\Connection.php(671): Illuminate\\Database\\Connection->Illuminate\\Database\\{closure}('select * from i...', Array)
#10 D:\\.Programs\\xampp\\htdocs\\YOUCOUNSEL\\vendor\\laravel\\framework\\src\\Illuminate\\Database\\Connection.php(638): Illuminate\\Database\\Connection->runQueryCallback('select * from i...', Array, Object(Closure))
#11 D:\\.Programs\\xampp\\htdocs\\YOUCOUNSEL\\vendor\\laravel\\framework\\src\\Illuminate\\Database\\Connection.php(346): Illuminate\\Database\\Connection->run('select * from i...', Array, Object(Closure))
#12 D:\\.Programs\\xampp\\htdocs\\YOUCOUNSEL\\vendor\\laravel\\framework\\src\\Illuminate\\Database\\Schema\\MySqlBuilder.php(44): Illuminate\\Database\\Connection->select('select * from i...', Array)
#13 D:\\.Programs\\xampp\\htdocs\\YOUCOUNSEL\\vendor\\laravel\\framework\\src\\Illuminate\\Database\\Migrations\\DatabaseMigrationRepository.php(169): Illuminate\\Database\\Schema\\MySqlBuilder->hasTable('migrations')
#14 D:\\.Programs\\xampp\\htdocs\\YOUCOUNSEL\\vendor\\laravel\\framework\\src\\Illuminate\\Database\\Migrations\\Migrator.php(643): Illuminate\\Database\\Migrations\\DatabaseMigrationRepository->repositoryExists()
#15 D:\\.Programs\\xampp\\htdocs\\YOUCOUNSEL\\vendor\\laravel\\framework\\src\\Illuminate\\Database\\Console\\Migrations\\MigrateCommand.php(106): Illuminate\\Database\\Migrations\\Migrator->repositoryExists()
#16 D:\\.Programs\\xampp\\htdocs\\YOUCOUNSEL\\vendor\\laravel\\framework\\src\\Illuminate\\Database\\Console\\Migrations\\MigrateCommand.php(77): Illuminate\\Database\\Console\\Migrations\\MigrateCommand->prepareDatabase()
#17 D:\\.Programs\\xampp\\htdocs\\YOUCOUNSEL\\vendor\\laravel\\framework\\src\\Illuminate\\Database\\Migrations\\Migrator.php(576): Illuminate\\Database\\Console\\Migrations\\MigrateCommand->Illuminate\\Database\\Console\\Migrations\\{closure}()
#18 D:\\.Programs\\xampp\\htdocs\\YOUCOUNSEL\\vendor\\laravel\\framework\\src\\Illuminate\\Database\\Console\\Migrations\\MigrateCommand.php(94): Illuminate\\Database\\Migrations\\Migrator->usingConnection(NULL, Object(Closure))
#19 D:\\.Programs\\xampp\\htdocs\\YOUCOUNSEL\\vendor\\laravel\\framework\\src\\Illuminate\\Container\\BoundMethod.php(36): Illuminate\\Database\\Console\\Migrations\\MigrateCommand->handle()
#20 D:\\.Programs\\xampp\\htdocs\\YOUCOUNSEL\\vendor\\laravel\\framework\\src\\Illuminate\\Container\\Util.php(40): Illuminate\\Container\\BoundMethod::Illuminate\\Container\\{closure}()
#21 D:\\.Programs\\xampp\\htdocs\\YOUCOUNSEL\\vendor\\laravel\\framework\\src\\Illuminate\\Container\\BoundMethod.php(93): Illuminate\\Container\\Util::unwrapIfClosure(Object(Closure))
#22 D:\\.Programs\\xampp\\htdocs\\YOUCOUNSEL\\vendor\\laravel\\framework\\src\\Illuminate\\Container\\BoundMethod.php(37): Illuminate\\Container\\BoundMethod::callBoundMethod(Object(Illuminate\\Foundation\\Application), Array, Object(Closure))
#23 D:\\.Programs\\xampp\\htdocs\\YOUCOUNSEL\\vendor\\laravel\\framework\\src\\Illuminate\\Container\\Container.php(611): Illuminate\\Container\\BoundMethod::call(Object(Illuminate\\Foundation\\Application), Array, Array, NULL)
#24 D:\\.Programs\\xampp\\htdocs\\YOUCOUNSEL\\vendor\\laravel\\framework\\src\\Illuminate\\Console\\Command.php(136): Illuminate\\Container\\Container->call(Array)
#25 D:\\.Programs\\xampp\\htdocs\\YOUCOUNSEL\\vendor\\symfony\\console\\Command\\Command.php(256): Illuminate\\Console\\Command->execute(Object(Symfony\\Component\\Console\\Input\\ArgvInput), Object(Illuminate\\Console\\OutputStyle))
#26 D:\\.Programs\\xampp\\htdocs\\YOUCOUNSEL\\vendor\\laravel\\framework\\src\\Illuminate\\Console\\Command.php(121): Symfony\\Component\\Console\\Command\\Command->run(Object(Symfony\\Component\\Console\\Input\\ArgvInput), Object(Illuminate\\Console\\OutputStyle))
#27 D:\\.Programs\\xampp\\htdocs\\YOUCOUNSEL\\vendor\\symfony\\console\\Application.php(971): Illuminate\\Console\\Command->run(Object(Symfony\\Component\\Console\\Input\\ArgvInput), Object(Symfony\\Component\\Console\\Output\\ConsoleOutput))
#28 D:\\.Programs\\xampp\\htdocs\\YOUCOUNSEL\\vendor\\symfony\\console\\Application.php(290): Symfony\\Component\\Console\\Application->doRunCommand(Object(Illuminate\\Database\\Console\\Migrations\\MigrateCommand), Object(Symfony\\Component\\Console\\Input\\ArgvInput), Object(Symfony\\Component\\Console\\Output\\ConsoleOutput))
#29 D:\\.Programs\\xampp\\htdocs\\YOUCOUNSEL\\vendor\\symfony\\console\\Application.php(166): Symfony\\Component\\Console\\Application->doRun(Object(Symfony\\Component\\Console\\Input\\ArgvInput), Object(Symfony\\Component\\Console\\Output\\ConsoleOutput))
#30 D:\\.Programs\\xampp\\htdocs\\YOUCOUNSEL\\vendor\\laravel\\framework\\src\\Illuminate\\Console\\Application.php(92): Symfony\\Component\\Console\\Application->run(Object(Symfony\\Component\\Console\\Input\\ArgvInput), Object(Symfony\\Component\\Console\\Output\\ConsoleOutput))
#31 D:\\.Programs\\xampp\\htdocs\\YOUCOUNSEL\\vendor\\laravel\\framework\\src\\Illuminate\\Foundation\\Console\\Kernel.php(129): Illuminate\\Console\\Application->run(Object(Symfony\\Component\\Console\\Input\\ArgvInput), Object(Symfony\\Component\\Console\\Output\\ConsoleOutput))
#32 D:\\.Programs\\xampp\\htdocs\\YOUCOUNSEL\\artisan(37): Illuminate\\Foundation\\Console\\Kernel->handle(Object(Symfony\\Component\\Console\\Input\\ArgvInput), Object(Symfony\\Component\\Console\\Output\\ConsoleOutput))
#33 {main}
"} 
[2021-04-20 15:06:09] local.ERROR: SQLSTATE[42S21]: Column already exists: 1060 Duplicate column name 'username' (SQL: create table `clients` (`id` bigint unsigned not null auto_increment primary key, `clientsid` varchar(6) not null, `username` varchar(30) not null, `name` varchar(50) not null, `email` varchar(30) not null, `address` varchar(200) not null, `phonenumber` varchar(30) not null, `username` varchar(30) not null, `password` varchar(50) not null, `univname` varchar(100) not null, `access` smallint not null auto_increment primary key, `created_at` timestamp null, `updated_at` timestamp null) default character set utf8mb4 collate 'utf8mb4_unicode_ci') {"exception":"[object] (Illuminate\\Database\\QueryException(code: 42S21): SQLSTATE[42S21]: Column already exists: 1060 Duplicate column name 'username' (SQL: create table `clients` (`id` bigint unsigned not null auto_increment primary key, `clientsid` varchar(6) not null, `username` varchar(30) not null, `name` varchar(50) not null, `email` varchar(30) not null, `address` varchar(200) not null, `phonenumber` varchar(30) not null, `username` varchar(30) not null, `password` varchar(50) not null, `univname` varchar(100) not null, `access` smallint not null auto_increment primary key, `created_at` timestamp null, `updated_at` timestamp null) default character set utf8mb4 collate 'utf8mb4_unicode_ci') at D:\\.Programs\\xampp\\htdocs\\YOUCOUNSEL\\vendor\\laravel\\framework\\src\\Illuminate\\Database\\Connection.php:678)
[stacktrace]
#0 D:\\.Programs\\xampp\\htdocs\\YOUCOUNSEL\\vendor\\laravel\\framework\\src\\Illuminate\\Database\\Connection.php(638): Illuminate\\Database\\Connection->runQueryCallback('create table `c...', Array, Object(Closure))
#1 D:\\.Programs\\xampp\\htdocs\\YOUCOUNSEL\\vendor\\laravel\\framework\\src\\Illuminate\\Database\\Connection.php(472): Illuminate\\Database\\Connection->run('create table `c...', Array, Object(Closure))
#2 D:\\.Programs\\xampp\\htdocs\\YOUCOUNSEL\\vendor\\laravel\\framework\\src\\Illuminate\\Database\\Schema\\Blueprint.php(109): Illuminate\\Database\\Connection->statement('create table `c...')
#3 D:\\.Programs\\xampp\\htdocs\\YOUCOUNSEL\\vendor\\laravel\\framework\\src\\Illuminate\\Database\\Schema\\Builder.php(359): Illuminate\\Database\\Schema\\Blueprint->build(Object(Illuminate\\Database\\MySqlConnection), Object(Illuminate\\Database\\Schema\\Grammars\\MySqlGrammar))
#4 D:\\.Programs\\xampp\\htdocs\\YOUCOUNSEL\\vendor\\laravel\\framework\\src\\Illuminate\\Database\\Schema\\Builder.php(222): Illuminate\\Database\\Schema\\Builder->build(Object(Illuminate\\Database\\Schema\\Blueprint))
#5 D:\\.Programs\\xampp\\htdocs\\YOUCOUNSEL\\vendor\\laravel\\framework\\src\\Illuminate\\Support\\Facades\\Facade.php(261): Illuminate\\Database\\Schema\\Builder->create('clients', Object(Closure))
#6 D:\\.Programs\\xampp\\htdocs\\YOUCOUNSEL\\database\\migrations\\2021_04_20_145332_create_clients_table.php(29): Illuminate\\Support\\Facades\\Facade::__callStatic('create', Array)
#7 D:\\.Programs\\xampp\\htdocs\\YOUCOUNSEL\\vendor\\laravel\\framework\\src\\Illuminate\\Database\\Migrations\\Migrator.php(393): CreateClientsTable->up()
#8 D:\\.Programs\\xampp\\htdocs\\YOUCOUNSEL\\vendor\\laravel\\framework\\src\\Illuminate\\Database\\Migrations\\Migrator.php(402): Illuminate\\Database\\Migrations\\Migrator->Illuminate\\Database\\Migrations\\{closure}()
#9 D:\\.Programs\\xampp\\htdocs\\YOUCOUNSEL\\vendor\\laravel\\framework\\src\\Illuminate\\Database\\Migrations\\Migrator.php(201): Illuminate\\Database\\Migrations\\Migrator->runMigration(Object(CreateClientsTable), 'up')
#10 D:\\.Programs\\xampp\\htdocs\\YOUCOUNSEL\\vendor\\laravel\\framework\\src\\Illuminate\\Database\\Migrations\\Migrator.php(166): Illuminate\\Database\\Migrations\\Migrator->runUp('D:\\\\.Programs\\\\xa...', 1, false)
#11 D:\\.Programs\\xampp\\htdocs\\YOUCOUNSEL\\vendor\\laravel\\framework\\src\\Illuminate\\Database\\Migrations\\Migrator.php(111): Illuminate\\Database\\Migrations\\Migrator->runPending(Array, Array)
#12 D:\\.Programs\\xampp\\htdocs\\YOUCOUNSEL\\vendor\\laravel\\framework\\src\\Illuminate\\Database\\Console\\Migrations\\MigrateCommand.php(85): Illuminate\\Database\\Migrations\\Migrator->run(Array, Array)
#13 D:\\.Programs\\xampp\\htdocs\\YOUCOUNSEL\\vendor\\laravel\\framework\\src\\Illuminate\\Database\\Migrations\\Migrator.php(576): Illuminate\\Database\\Console\\Migrations\\MigrateCommand->Illuminate\\Database\\Console\\Migrations\\{closure}()
#14 D:\\.Programs\\xampp\\htdocs\\YOUCOUNSEL\\vendor\\laravel\\framework\\src\\Illuminate\\Database\\Console\\Migrations\\MigrateCommand.php(94): Illuminate\\Database\\Migrations\\Migrator->usingConnection(NULL, Object(Closure))
#15 D:\\.Programs\\xampp\\htdocs\\YOUCOUNSEL\\vendor\\laravel\\framework\\src\\Illuminate\\Container\\BoundMethod.php(36): Illuminate\\Database\\Console\\Migrations\\MigrateCommand->handle()
#16 D:\\.Programs\\xampp\\htdocs\\YOUCOUNSEL\\vendor\\laravel\\framework\\src\\Illuminate\\Container\\Util.php(40): Illuminate\\Container\\BoundMethod::Illuminate\\Container\\{closure}()
#17 D:\\.Programs\\xampp\\htdocs\\YOUCOUNSEL\\vendor\\laravel\\framework\\src\\Illuminate\\Container\\BoundMethod.php(93): Illuminate\\Container\\Util::unwrapIfClosure(Object(Closure))
#18 D:\\.Programs\\xampp\\htdocs\\YOUCOUNSEL\\vendor\\laravel\\framework\\src\\Illuminate\\Container\\BoundMethod.php(37): Illuminate\\Container\\BoundMethod::callBoundMethod(Object(Illuminate\\Foundation\\Application), Array, Object(Closure))
#19 D:\\.Programs\\xampp\\htdocs\\YOUCOUNSEL\\vendor\\laravel\\framework\\src\\Illuminate\\Container\\Container.php(611): Illuminate\\Container\\BoundMethod::call(Object(Illuminate\\Foundation\\Application), Array, Array, NULL)
#20 D:\\.Programs\\xampp\\htdocs\\YOUCOUNSEL\\vendor\\laravel\\framework\\src\\Illuminate\\Console\\Command.php(136): Illuminate\\Container\\Container->call(Array)
#21 D:\\.Programs\\xampp\\htdocs\\YOUCOUNSEL\\vendor\\symfony\\console\\Command\\Command.php(256): Illuminate\\Console\\Command->execute(Object(Symfony\\Component\\Console\\Input\\ArgvInput), Object(Illuminate\\Console\\OutputStyle))
#22 D:\\.Programs\\xampp\\htdocs\\YOUCOUNSEL\\vendor\\laravel\\framework\\src\\Illuminate\\Console\\Command.php(121): Symfony\\Component\\Console\\Command\\Command->run(Object(Symfony\\Component\\Console\\Input\\ArgvInput), Object(Illuminate\\Console\\OutputStyle))
#23 D:\\.Programs\\xampp\\htdocs\\YOUCOUNSEL\\vendor\\symfony\\console\\Application.php(971): Illuminate\\Console\\Command->run(Object(Symfony\\Component\\Console\\Input\\ArgvInput), Object(Symfony\\Component\\Console\\Output\\ConsoleOutput))
#24 D:\\.Programs\\xampp\\htdocs\\YOUCOUNSEL\\vendor\\symfony\\console\\Application.php(290): Symfony\\Component\\Console\\Application->doRunCommand(Object(Illuminate\\Database\\Console\\Migrations\\MigrateCommand), Object(Symfony\\Component\\Console\\Input\\ArgvInput), Object(Symfony\\Component\\Console\\Output\\ConsoleOutput))
#25 D:\\.Programs\\xampp\\htdocs\\YOUCOUNSEL\\vendor\\symfony\\console\\Application.php(166): Symfony\\Component\\Console\\Application->doRun(Object(Symfony\\Component\\Console\\Input\\ArgvInput), Object(Symfony\\Component\\Console\\Output\\ConsoleOutput))
#26 D:\\.Programs\\xampp\\htdocs\\YOUCOUNSEL\\vendor\\laravel\\framework\\src\\Illuminate\\Console\\Application.php(92): Symfony\\Component\\Console\\Application->run(Object(Symfony\\Component\\Console\\Input\\ArgvInput), Object(Symfony\\Component\\Console\\Output\\ConsoleOutput))
#27 D:\\.Programs\\xampp\\htdocs\\YOUCOUNSEL\\vendor\\laravel\\framework\\src\\Illuminate\\Foundation\\Console\\Kernel.php(129): Illuminate\\Console\\Application->run(Object(Symfony\\Component\\Console\\Input\\ArgvInput), Object(Symfony\\Component\\Console\\Output\\ConsoleOutput))
#28 D:\\.Programs\\xampp\\htdocs\\YOUCOUNSEL\\artisan(37): Illuminate\\Foundation\\Console\\Kernel->handle(Object(Symfony\\Component\\Console\\Input\\ArgvInput), Object(Symfony\\Component\\Console\\Output\\ConsoleOutput))
#29 {main}

[previous exception] [object] (PDOException(code: 42S21): SQLSTATE[42S21]: Column already exists: 1060 Duplicate column name 'username' at D:\\.Programs\\xampp\\htdocs\\YOUCOUNSEL\\vendor\\laravel\\framework\\src\\Illuminate\\Database\\Connection.php:471)
[stacktrace]
#0 D:\\.Programs\\xampp\\htdocs\\YOUCOUNSEL\\vendor\\laravel\\framework\\src\\Illuminate\\Database\\Connection.php(471): PDOStatement->execute()
#1 D:\\.Programs\\xampp\\htdocs\\YOUCOUNSEL\\vendor\\laravel\\framework\\src\\Illuminate\\Database\\Connection.php(671): Illuminate\\Database\\Connection->Illuminate\\Database\\{closure}('create table `c...', Array)
#2 D:\\.Programs\\xampp\\htdocs\\YOUCOUNSEL\\vendor\\laravel\\framework\\src\\Illuminate\\Database\\Connection.php(638): Illuminate\\Database\\Connection->runQueryCallback('create table `c...', Array, Object(Closure))
#3 D:\\.Programs\\xampp\\htdocs\\YOUCOUNSEL\\vendor\\laravel\\framework\\src\\Illuminate\\Database\\Connection.php(472): Illuminate\\Database\\Connection->run('create table `c...', Array, Object(Closure))
#4 D:\\.Programs\\xampp\\htdocs\\YOUCOUNSEL\\vendor\\laravel\\framework\\src\\Illuminate\\Database\\Schema\\Blueprint.php(109): Illuminate\\Database\\Connection->statement('create table `c...')
#5 D:\\.Programs\\xampp\\htdocs\\YOUCOUNSEL\\vendor\\laravel\\framework\\src\\Illuminate\\Database\\Schema\\Builder.php(359): Illuminate\\Database\\Schema\\Blueprint->build(Object(Illuminate\\Database\\MySqlConnection), Object(Illuminate\\Database\\Schema\\Grammars\\MySqlGrammar))
#6 D:\\.Programs\\xampp\\htdocs\\YOUCOUNSEL\\vendor\\laravel\\framework\\src\\Illuminate\\Database\\Schema\\Builder.php(222): Illuminate\\Database\\Schema\\Builder->build(Object(Illuminate\\Database\\Schema\\Blueprint))
#7 D:\\.Programs\\xampp\\htdocs\\YOUCOUNSEL\\vendor\\laravel\\framework\\src\\Illuminate\\Support\\Facades\\Facade.php(261): Illuminate\\Database\\Schema\\Builder->create('clients', Object(Closure))
#8 D:\\.Programs\\xampp\\htdocs\\YOUCOUNSEL\\database\\migrations\\2021_04_20_145332_create_clients_table.php(29): Illuminate\\Support\\Facades\\Facade::__callStatic('create', Array)
#9 D:\\.Programs\\xampp\\htdocs\\YOUCOUNSEL\\vendor\\laravel\\framework\\src\\Illuminate\\Database\\Migrations\\Migrator.php(393): CreateClientsTable->up()
#10 D:\\.Programs\\xampp\\htdocs\\YOUCOUNSEL\\vendor\\laravel\\framework\\src\\Illuminate\\Database\\Migrations\\Migrator.php(402): Illuminate\\Database\\Migrations\\Migrator->Illuminate\\Database\\Migrations\\{closure}()
#11 D:\\.Programs\\xampp\\htdocs\\YOUCOUNSEL\\vendor\\laravel\\framework\\src\\Illuminate\\Database\\Migrations\\Migrator.php(201): Illuminate\\Database\\Migrations\\Migrator->runMigration(Object(CreateClientsTable), 'up')
#12 D:\\.Programs\\xampp\\htdocs\\YOUCOUNSEL\\vendor\\laravel\\framework\\src\\Illuminate\\Database\\Migrations\\Migrator.php(166): Illuminate\\Database\\Migrations\\Migrator->runUp('D:\\\\.Programs\\\\xa...', 1, false)
#13 D:\\.Programs\\xampp\\htdocs\\YOUCOUNSEL\\vendor\\laravel\\framework\\src\\Illuminate\\Database\\Migrations\\Migrator.php(111): Illuminate\\Database\\Migrations\\Migrator->runPending(Array, Array)
#14 D:\\.Programs\\xampp\\htdocs\\YOUCOUNSEL\\vendor\\laravel\\framework\\src\\Illuminate\\Database\\Console\\Migrations\\MigrateCommand.php(85): Illuminate\\Database\\Migrations\\Migrator->run(Array, Array)
#15 D:\\.Programs\\xampp\\htdocs\\YOUCOUNSEL\\vendor\\laravel\\framework\\src\\Illuminate\\Database\\Migrations\\Migrator.php(576): Illuminate\\Database\\Console\\Migrations\\MigrateCommand->Illuminate\\Database\\Console\\Migrations\\{closure}()
#16 D:\\.Programs\\xampp\\htdocs\\YOUCOUNSEL\\vendor\\laravel\\framework\\src\\Illuminate\\Database\\Console\\Migrations\\MigrateCommand.php(94): Illuminate\\Database\\Migrations\\Migrator->usingConnection(NULL, Object(Closure))
#17 D:\\.Programs\\xampp\\htdocs\\YOUCOUNSEL\\vendor\\laravel\\framework\\src\\Illuminate\\Container\\BoundMethod.php(36): Illuminate\\Database\\Console\\Migrations\\MigrateCommand->handle()
#18 D:\\.Programs\\xampp\\htdocs\\YOUCOUNSEL\\vendor\\laravel\\framework\\src\\Illuminate\\Container\\Util.php(40): Illuminate\\Container\\BoundMethod::Illuminate\\Container\\{closure}()
#19 D:\\.Programs\\xampp\\htdocs\\YOUCOUNSEL\\vendor\\laravel\\framework\\src\\Illuminate\\Container\\BoundMethod.php(93): Illuminate\\Container\\Util::unwrapIfClosure(Object(Closure))
#20 D:\\.Programs\\xampp\\htdocs\\YOUCOUNSEL\\vendor\\laravel\\framework\\src\\Illuminate\\Container\\BoundMethod.php(37): Illuminate\\Container\\BoundMethod::callBoundMethod(Object(Illuminate\\Foundation\\Application), Array, Object(Closure))
#21 D:\\.Programs\\xampp\\htdocs\\YOUCOUNSEL\\vendor\\laravel\\framework\\src\\Illuminate\\Container\\Container.php(611): Illuminate\\Container\\BoundMethod::call(Object(Illuminate\\Foundation\\Application), Array, Array, NULL)
#22 D:\\.Programs\\xampp\\htdocs\\YOUCOUNSEL\\vendor\\laravel\\framework\\src\\Illuminate\\Console\\Command.php(136): Illuminate\\Container\\Container->call(Array)
#23 D:\\.Programs\\xampp\\htdocs\\YOUCOUNSEL\\vendor\\symfony\\console\\Command\\Command.php(256): Illuminate\\Console\\Command->execute(Object(Symfony\\Component\\Console\\Input\\ArgvInput), Object(Illuminate\\Console\\OutputStyle))
#24 D:\\.Programs\\xampp\\htdocs\\YOUCOUNSEL\\vendor\\laravel\\framework\\src\\Illuminate\\Console\\Command.php(121): Symfony\\Component\\Console\\Command\\Command->run(Object(Symfony\\Component\\Console\\Input\\ArgvInput), Object(Illuminate\\Console\\OutputStyle))
#25 D:\\.Programs\\xampp\\htdocs\\YOUCOUNSEL\\vendor\\symfony\\console\\Application.php(971): Illuminate\\Console\\Command->run(Object(Symfony\\Component\\Console\\Input\\ArgvInput), Object(Symfony\\Component\\Console\\Output\\ConsoleOutput))
#26 D:\\.Programs\\xampp\\htdocs\\YOUCOUNSEL\\vendor\\symfony\\console\\Application.php(290): Symfony\\Component\\Console\\Application->doRunCommand(Object(Illuminate\\Database\\Console\\Migrations\\MigrateCommand), Object(Symfony\\Component\\Console\\Input\\ArgvInput), Object(Symfony\\Component\\Console\\Output\\ConsoleOutput))
#27 D:\\.Programs\\xampp\\htdocs\\YOUCOUNSEL\\vendor\\symfony\\console\\Application.php(166): Symfony\\Component\\Console\\Application->doRun(Object(Symfony\\Component\\Console\\Input\\ArgvInput), Object(Symfony\\Component\\Console\\Output\\ConsoleOutput))
#28 D:\\.Programs\\xampp\\htdocs\\YOUCOUNSEL\\vendor\\laravel\\framework\\src\\Illuminate\\Console\\Application.php(92): Symfony\\Component\\Console\\Application->run(Object(Symfony\\Component\\Console\\Input\\ArgvInput), Object(Symfony\\Component\\Console\\Output\\ConsoleOutput))
#29 D:\\.Programs\\xampp\\htdocs\\YOUCOUNSEL\\vendor\\laravel\\framework\\src\\Illuminate\\Foundation\\Console\\Kernel.php(129): Illuminate\\Console\\Application->run(Object(Symfony\\Component\\Console\\Input\\ArgvInput), Object(Symfony\\Component\\Console\\Output\\ConsoleOutput))
#30 D:\\.Programs\\xampp\\htdocs\\YOUCOUNSEL\\artisan(37): Illuminate\\Foundation\\Console\\Kernel->handle(Object(Symfony\\Component\\Console\\Input\\ArgvInput), Object(Symfony\\Component\\Console\\Output\\ConsoleOutput))
#31 {main}
"} 
[2021-04-20 15:11:15] local.ERROR: Too few arguments to function Illuminate\Database\Schema\Blueprint::timestamp(), 0 passed in D:\.Programs\xampp\htdocs\YOUCOUNSEL\database\migrations\2021_04_20_145332_create_clients_table.php on line 28 and at least 1 expected {"exception":"[object] (ArgumentCountError(code: 0): Too few arguments to function Illuminate\\Database\\Schema\\Blueprint::timestamp(), 0 passed in D:\\.Programs\\xampp\\htdocs\\YOUCOUNSEL\\database\\migrations\\2021_04_20_145332_create_clients_table.php on line 28 and at least 1 expected at D:\\.Programs\\xampp\\htdocs\\YOUCOUNSEL\\vendor\\laravel\\framework\\src\\Illuminate\\Database\\Schema\\Blueprint.php:1087)
[stacktrace]
#0 D:\\.Programs\\xampp\\htdocs\\YOUCOUNSEL\\database\\migrations\\2021_04_20_145332_create_clients_table.php(28): Illuminate\\Database\\Schema\\Blueprint->timestamp()
#1 D:\\.Programs\\xampp\\htdocs\\YOUCOUNSEL\\vendor\\laravel\\framework\\src\\Illuminate\\Database\\Schema\\Builder.php(221): CreateClientsTable->{closure}(Object(Illuminate\\Database\\Schema\\Blueprint))
#2 D:\\.Programs\\xampp\\htdocs\\YOUCOUNSEL\\vendor\\laravel\\framework\\src\\Illuminate\\Support\\helpers.php(263): Illuminate\\Database\\Schema\\Builder->Illuminate\\Database\\Schema\\{closure}(Object(Illuminate\\Database\\Schema\\Blueprint))
#3 D:\\.Programs\\xampp\\htdocs\\YOUCOUNSEL\\vendor\\laravel\\framework\\src\\Illuminate\\Database\\Schema\\Builder.php(222): tap(Object(Illuminate\\Database\\Schema\\Blueprint), Object(Closure))
#4 D:\\.Programs\\xampp\\htdocs\\YOUCOUNSEL\\vendor\\laravel\\framework\\src\\Illuminate\\Support\\Facades\\Facade.php(261): Illuminate\\Database\\Schema\\Builder->create('clients', Object(Closure))
#5 D:\\.Programs\\xampp\\htdocs\\YOUCOUNSEL\\database\\migrations\\2021_04_20_145332_create_clients_table.php(29): Illuminate\\Support\\Facades\\Facade::__callStatic('create', Array)
#6 D:\\.Programs\\xampp\\htdocs\\YOUCOUNSEL\\vendor\\laravel\\framework\\src\\Illuminate\\Database\\Migrations\\Migrator.php(393): CreateClientsTable->up()
#7 D:\\.Programs\\xampp\\htdocs\\YOUCOUNSEL\\vendor\\laravel\\framework\\src\\Illuminate\\Database\\Migrations\\Migrator.php(402): Illuminate\\Database\\Migrations\\Migrator->Illuminate\\Database\\Migrations\\{closure}()
#8 D:\\.Programs\\xampp\\htdocs\\YOUCOUNSEL\\vendor\\laravel\\framework\\src\\Illuminate\\Database\\Migrations\\Migrator.php(201): Illuminate\\Database\\Migrations\\Migrator->runMigration(Object(CreateClientsTable), 'up')
#9 D:\\.Programs\\xampp\\htdocs\\YOUCOUNSEL\\vendor\\laravel\\framework\\src\\Illuminate\\Database\\Migrations\\Migrator.php(166): Illuminate\\Database\\Migrations\\Migrator->runUp('D:\\\\.Programs\\\\xa...', 1, false)
#10 D:\\.Programs\\xampp\\htdocs\\YOUCOUNSEL\\vendor\\laravel\\framework\\src\\Illuminate\\Database\\Migrations\\Migrator.php(111): Illuminate\\Database\\Migrations\\Migrator->runPending(Array, Array)
#11 D:\\.Programs\\xampp\\htdocs\\YOUCOUNSEL\\vendor\\laravel\\framework\\src\\Illuminate\\Database\\Console\\Migrations\\MigrateCommand.php(85): Illuminate\\Database\\Migrations\\Migrator->run(Array, Array)
#12 D:\\.Programs\\xampp\\htdocs\\YOUCOUNSEL\\vendor\\laravel\\framework\\src\\Illuminate\\Database\\Migrations\\Migrator.php(576): Illuminate\\Database\\Console\\Migrations\\MigrateCommand->Illuminate\\Database\\Console\\Migrations\\{closure}()
#13 D:\\.Programs\\xampp\\htdocs\\YOUCOUNSEL\\vendor\\laravel\\framework\\src\\Illuminate\\Database\\Console\\Migrations\\MigrateCommand.php(94): Illuminate\\Database\\Migrations\\Migrator->usingConnection(NULL, Object(Closure))
#14 D:\\.Programs\\xampp\\htdocs\\YOUCOUNSEL\\vendor\\laravel\\framework\\src\\Illuminate\\Container\\BoundMethod.php(36): Illuminate\\Database\\Console\\Migrations\\MigrateCommand->handle()
#15 D:\\.Programs\\xampp\\htdocs\\YOUCOUNSEL\\vendor\\laravel\\framework\\src\\Illuminate\\Container\\Util.php(40): Illuminate\\Container\\BoundMethod::Illuminate\\Container\\{closure}()
#16 D:\\.Programs\\xampp\\htdocs\\YOUCOUNSEL\\vendor\\laravel\\framework\\src\\Illuminate\\Container\\BoundMethod.php(93): Illuminate\\Container\\Util::unwrapIfClosure(Object(Closure))
#17 D:\\.Programs\\xampp\\htdocs\\YOUCOUNSEL\\vendor\\laravel\\framework\\src\\Illuminate\\Container\\BoundMethod.php(37): Illuminate\\Container\\BoundMethod::callBoundMethod(Object(Illuminate\\Foundation\\Application), Array, Object(Closure))
#18 D:\\.Programs\\xampp\\htdocs\\YOUCOUNSEL\\vendor\\laravel\\framework\\src\\Illuminate\\Container\\Container.php(611): Illuminate\\Container\\BoundMethod::call(Object(Illuminate\\Foundation\\Application), Array, Array, NULL)
#19 D:\\.Programs\\xampp\\htdocs\\YOUCOUNSEL\\vendor\\laravel\\framework\\src\\Illuminate\\Console\\Command.php(136): Illuminate\\Container\\Container->call(Array)
#20 D:\\.Programs\\xampp\\htdocs\\YOUCOUNSEL\\vendor\\symfony\\console\\Command\\Command.php(256): Illuminate\\Console\\Command->execute(Object(Symfony\\Component\\Console\\Input\\ArgvInput), Object(Illuminate\\Console\\OutputStyle))
#21 D:\\.Programs\\xampp\\htdocs\\YOUCOUNSEL\\vendor\\laravel\\framework\\src\\Illuminate\\Console\\Command.php(121): Symfony\\Component\\Console\\Command\\Command->run(Object(Symfony\\Component\\Console\\Input\\ArgvInput), Object(Illuminate\\Console\\OutputStyle))
#22 D:\\.Programs\\xampp\\htdocs\\YOUCOUNSEL\\vendor\\symfony\\console\\Application.php(971): Illuminate\\Console\\Command->run(Object(Symfony\\Component\\Console\\Input\\ArgvInput), Object(Symfony\\Component\\Console\\Output\\ConsoleOutput))
#23 D:\\.Programs\\xampp\\htdocs\\YOUCOUNSEL\\vendor\\symfony\\console\\Application.php(290): Symfony\\Component\\Console\\Application->doRunCommand(Object(Illuminate\\Database\\Console\\Migrations\\MigrateCommand), Object(Symfony\\Component\\Console\\Input\\ArgvInput), Object(Symfony\\Component\\Console\\Output\\ConsoleOutput))
#24 D:\\.Programs\\xampp\\htdocs\\YOUCOUNSEL\\vendor\\symfony\\console\\Application.php(166): Symfony\\Component\\Console\\Application->doRun(Object(Symfony\\Component\\Console\\Input\\ArgvInput), Object(Symfony\\Component\\Console\\Output\\ConsoleOutput))
#25 D:\\.Programs\\xampp\\htdocs\\YOUCOUNSEL\\vendor\\laravel\\framework\\src\\Illuminate\\Console\\Application.php(92): Symfony\\Component\\Console\\Application->run(Object(Symfony\\Component\\Console\\Input\\ArgvInput), Object(Symfony\\Component\\Console\\Output\\ConsoleOutput))
#26 D:\\.Programs\\xampp\\htdocs\\YOUCOUNSEL\\vendor\\laravel\\framework\\src\\Illuminate\\Foundation\\Console\\Kernel.php(129): Illuminate\\Console\\Application->run(Object(Symfony\\Component\\Console\\Input\\ArgvInput), Object(Symfony\\Component\\Console\\Output\\ConsoleOutput))
#27 D:\\.Programs\\xampp\\htdocs\\YOUCOUNSEL\\artisan(37): Illuminate\\Foundation\\Console\\Kernel->handle(Object(Symfony\\Component\\Console\\Input\\ArgvInput), Object(Symfony\\Component\\Console\\Output\\ConsoleOutput))
#28 {main}
"} 
[2021-04-20 15:11:46] local.ERROR: SQLSTATE[42S21]: Column already exists: 1060 Duplicate column name 'username' (SQL: create table `clients` (`id` bigint unsigned not null auto_increment primary key, `clientsid` varchar(6) not null, `username` varchar(30) not null, `name` varchar(50) not null, `email` varchar(30) not null, `address` varchar(200) not null, `phonenumber` varchar(30) not null, `username` varchar(30) not null, `password` varchar(50) not null, `univname` varchar(100) not null, `access` smallint not null auto_increment primary key, `created_at` timestamp null, `updated_at` timestamp null) default character set utf8mb4 collate 'utf8mb4_unicode_ci') {"exception":"[object] (Illuminate\\Database\\QueryException(code: 42S21): SQLSTATE[42S21]: Column already exists: 1060 Duplicate column name 'username' (SQL: create table `clients` (`id` bigint unsigned not null auto_increment primary key, `clientsid` varchar(6) not null, `username` varchar(30) not null, `name` varchar(50) not null, `email` varchar(30) not null, `address` varchar(200) not null, `phonenumber` varchar(30) not null, `username` varchar(30) not null, `password` varchar(50) not null, `univname` varchar(100) not null, `access` smallint not null auto_increment primary key, `created_at` timestamp null, `updated_at` timestamp null) default character set utf8mb4 collate 'utf8mb4_unicode_ci') at D:\\.Programs\\xampp\\htdocs\\YOUCOUNSEL\\vendor\\laravel\\framework\\src\\Illuminate\\Database\\Connection.php:678)
[stacktrace]
#0 D:\\.Programs\\xampp\\htdocs\\YOUCOUNSEL\\vendor\\laravel\\framework\\src\\Illuminate\\Database\\Connection.php(638): Illuminate\\Database\\Connection->runQueryCallback('create table `c...', Array, Object(Closure))
#1 D:\\.Programs\\xampp\\htdocs\\YOUCOUNSEL\\vendor\\laravel\\framework\\src\\Illuminate\\Database\\Connection.php(472): Illuminate\\Database\\Connection->run('create table `c...', Array, Object(Closure))
#2 D:\\.Programs\\xampp\\htdocs\\YOUCOUNSEL\\vendor\\laravel\\framework\\src\\Illuminate\\Database\\Schema\\Blueprint.php(109): Illuminate\\Database\\Connection->statement('create table `c...')
#3 D:\\.Programs\\xampp\\htdocs\\YOUCOUNSEL\\vendor\\laravel\\framework\\src\\Illuminate\\Database\\Schema\\Builder.php(359): Illuminate\\Database\\Schema\\Blueprint->build(Object(Illuminate\\Database\\MySqlConnection), Object(Illuminate\\Database\\Schema\\Grammars\\MySqlGrammar))
#4 D:\\.Programs\\xampp\\htdocs\\YOUCOUNSEL\\vendor\\laravel\\framework\\src\\Illuminate\\Database\\Schema\\Builder.php(222): Illuminate\\Database\\Schema\\Builder->build(Object(Illuminate\\Database\\Schema\\Blueprint))
#5 D:\\.Programs\\xampp\\htdocs\\YOUCOUNSEL\\vendor\\laravel\\framework\\src\\Illuminate\\Support\\Facades\\Facade.php(261): Illuminate\\Database\\Schema\\Builder->create('clients', Object(Closure))
#6 D:\\.Programs\\xampp\\htdocs\\YOUCOUNSEL\\database\\migrations\\2021_04_20_145332_create_clients_table.php(29): Illuminate\\Support\\Facades\\Facade::__callStatic('create', Array)
#7 D:\\.Programs\\xampp\\htdocs\\YOUCOUNSEL\\vendor\\laravel\\framework\\src\\Illuminate\\Database\\Migrations\\Migrator.php(393): CreateClientsTable->up()
#8 D:\\.Programs\\xampp\\htdocs\\YOUCOUNSEL\\vendor\\laravel\\framework\\src\\Illuminate\\Database\\Migrations\\Migrator.php(402): Illuminate\\Database\\Migrations\\Migrator->Illuminate\\Database\\Migrations\\{closure}()
#9 D:\\.Programs\\xampp\\htdocs\\YOUCOUNSEL\\vendor\\laravel\\framework\\src\\Illuminate\\Database\\Migrations\\Migrator.php(201): Illuminate\\Database\\Migrations\\Migrator->runMigration(Object(CreateClientsTable), 'up')
#10 D:\\.Programs\\xampp\\htdocs\\YOUCOUNSEL\\vendor\\laravel\\framework\\src\\Illuminate\\Database\\Migrations\\Migrator.php(166): Illuminate\\Database\\Migrations\\Migrator->runUp('D:\\\\.Programs\\\\xa...', 1, false)
#11 D:\\.Programs\\xampp\\htdocs\\YOUCOUNSEL\\vendor\\laravel\\framework\\src\\Illuminate\\Database\\Migrations\\Migrator.php(111): Illuminate\\Database\\Migrations\\Migrator->runPending(Array, Array)
#12 D:\\.Programs\\xampp\\htdocs\\YOUCOUNSEL\\vendor\\laravel\\framework\\src\\Illuminate\\Database\\Console\\Migrations\\MigrateCommand.php(85): Illuminate\\Database\\Migrations\\Migrator->run(Array, Array)
#13 D:\\.Programs\\xampp\\htdocs\\YOUCOUNSEL\\vendor\\laravel\\framework\\src\\Illuminate\\Database\\Migrations\\Migrator.php(576): Illuminate\\Database\\Console\\Migrations\\MigrateCommand->Illuminate\\Database\\Console\\Migrations\\{closure}()
#14 D:\\.Programs\\xampp\\htdocs\\YOUCOUNSEL\\vendor\\laravel\\framework\\src\\Illuminate\\Database\\Console\\Migrations\\MigrateCommand.php(94): Illuminate\\Database\\Migrations\\Migrator->usingConnection(NULL, Object(Closure))
#15 D:\\.Programs\\xampp\\htdocs\\YOUCOUNSEL\\vendor\\laravel\\framework\\src\\Illuminate\\Container\\BoundMethod.php(36): Illuminate\\Database\\Console\\Migrations\\MigrateCommand->handle()
#16 D:\\.Programs\\xampp\\htdocs\\YOUCOUNSEL\\vendor\\laravel\\framework\\src\\Illuminate\\Container\\Util.php(40): Illuminate\\Container\\BoundMethod::Illuminate\\Container\\{closure}()
#17 D:\\.Programs\\xampp\\htdocs\\YOUCOUNSEL\\vendor\\laravel\\framework\\src\\Illuminate\\Container\\BoundMethod.php(93): Illuminate\\Container\\Util::unwrapIfClosure(Object(Closure))
#18 D:\\.Programs\\xampp\\htdocs\\YOUCOUNSEL\\vendor\\laravel\\framework\\src\\Illuminate\\Container\\BoundMethod.php(37): Illuminate\\Container\\BoundMethod::callBoundMethod(Object(Illuminate\\Foundation\\Application), Array, Object(Closure))
#19 D:\\.Programs\\xampp\\htdocs\\YOUCOUNSEL\\vendor\\laravel\\framework\\src\\Illuminate\\Container\\Container.php(611): Illuminate\\Container\\BoundMethod::call(Object(Illuminate\\Foundation\\Application), Array, Array, NULL)
#20 D:\\.Programs\\xampp\\htdocs\\YOUCOUNSEL\\vendor\\laravel\\framework\\src\\Illuminate\\Console\\Command.php(136): Illuminate\\Container\\Container->call(Array)
#21 D:\\.Programs\\xampp\\htdocs\\YOUCOUNSEL\\vendor\\symfony\\console\\Command\\Command.php(256): Illuminate\\Console\\Command->execute(Object(Symfony\\Component\\Console\\Input\\ArgvInput), Object(Illuminate\\Console\\OutputStyle))
#22 D:\\.Programs\\xampp\\htdocs\\YOUCOUNSEL\\vendor\\laravel\\framework\\src\\Illuminate\\Console\\Command.php(121): Symfony\\Component\\Console\\Command\\Command->run(Object(Symfony\\Component\\Console\\Input\\ArgvInput), Object(Illuminate\\Console\\OutputStyle))
#23 D:\\.Programs\\xampp\\htdocs\\YOUCOUNSEL\\vendor\\symfony\\console\\Application.php(971): Illuminate\\Console\\Command->run(Object(Symfony\\Component\\Console\\Input\\ArgvInput), Object(Symfony\\Component\\Console\\Output\\ConsoleOutput))
#24 D:\\.Programs\\xampp\\htdocs\\YOUCOUNSEL\\vendor\\symfony\\console\\Application.php(290): Symfony\\Component\\Console\\Application->doRunCommand(Object(Illuminate\\Database\\Console\\Migrations\\MigrateCommand), Object(Symfony\\Component\\Console\\Input\\ArgvInput), Object(Symfony\\Component\\Console\\Output\\ConsoleOutput))
#25 D:\\.Programs\\xampp\\htdocs\\YOUCOUNSEL\\vendor\\symfony\\console\\Application.php(166): Symfony\\Component\\Console\\Application->doRun(Object(Symfony\\Component\\Console\\Input\\ArgvInput), Object(Symfony\\Component\\Console\\Output\\ConsoleOutput))
#26 D:\\.Programs\\xampp\\htdocs\\YOUCOUNSEL\\vendor\\laravel\\framework\\src\\Illuminate\\Console\\Application.php(92): Symfony\\Component\\Console\\Application->run(Object(Symfony\\Component\\Console\\Input\\ArgvInput), Object(Symfony\\Component\\Console\\Output\\ConsoleOutput))
#27 D:\\.Programs\\xampp\\htdocs\\YOUCOUNSEL\\vendor\\laravel\\framework\\src\\Illuminate\\Foundation\\Console\\Kernel.php(129): Illuminate\\Console\\Application->run(Object(Symfony\\Component\\Console\\Input\\ArgvInput), Object(Symfony\\Component\\Console\\Output\\ConsoleOutput))
#28 D:\\.Programs\\xampp\\htdocs\\YOUCOUNSEL\\artisan(37): Illuminate\\Foundation\\Console\\Kernel->handle(Object(Symfony\\Component\\Console\\Input\\ArgvInput), Object(Symfony\\Component\\Console\\Output\\ConsoleOutput))
#29 {main}

[previous exception] [object] (PDOException(code: 42S21): SQLSTATE[42S21]: Column already exists: 1060 Duplicate column name 'username' at D:\\.Programs\\xampp\\htdocs\\YOUCOUNSEL\\vendor\\laravel\\framework\\src\\Illuminate\\Database\\Connection.php:471)
[stacktrace]
#0 D:\\.Programs\\xampp\\htdocs\\YOUCOUNSEL\\vendor\\laravel\\framework\\src\\Illuminate\\Database\\Connection.php(471): PDOStatement->execute()
#1 D:\\.Programs\\xampp\\htdocs\\YOUCOUNSEL\\vendor\\laravel\\framework\\src\\Illuminate\\Database\\Connection.php(671): Illuminate\\Database\\Connection->Illuminate\\Database\\{closure}('create table `c...', Array)
#2 D:\\.Programs\\xampp\\htdocs\\YOUCOUNSEL\\vendor\\laravel\\framework\\src\\Illuminate\\Database\\Connection.php(638): Illuminate\\Database\\Connection->runQueryCallback('create table `c...', Array, Object(Closure))
#3 D:\\.Programs\\xampp\\htdocs\\YOUCOUNSEL\\vendor\\laravel\\framework\\src\\Illuminate\\Database\\Connection.php(472): Illuminate\\Database\\Connection->run('create table `c...', Array, Object(Closure))
#4 D:\\.Programs\\xampp\\htdocs\\YOUCOUNSEL\\vendor\\laravel\\framework\\src\\Illuminate\\Database\\Schema\\Blueprint.php(109): Illuminate\\Database\\Connection->statement('create table `c...')
#5 D:\\.Programs\\xampp\\htdocs\\YOUCOUNSEL\\vendor\\laravel\\framework\\src\\Illuminate\\Database\\Schema\\Builder.php(359): Illuminate\\Database\\Schema\\Blueprint->build(Object(Illuminate\\Database\\MySqlConnection), Object(Illuminate\\Database\\Schema\\Grammars\\MySqlGrammar))
#6 D:\\.Programs\\xampp\\htdocs\\YOUCOUNSEL\\vendor\\laravel\\framework\\src\\Illuminate\\Database\\Schema\\Builder.php(222): Illuminate\\Database\\Schema\\Builder->build(Object(Illuminate\\Database\\Schema\\Blueprint))
#7 D:\\.Programs\\xampp\\htdocs\\YOUCOUNSEL\\vendor\\laravel\\framework\\src\\Illuminate\\Support\\Facades\\Facade.php(261): Illuminate\\Database\\Schema\\Builder->create('clients', Object(Closure))
#8 D:\\.Programs\\xampp\\htdocs\\YOUCOUNSEL\\database\\migrations\\2021_04_20_145332_create_clients_table.php(29): Illuminate\\Support\\Facades\\Facade::__callStatic('create', Array)
#9 D:\\.Programs\\xampp\\htdocs\\YOUCOUNSEL\\vendor\\laravel\\framework\\src\\Illuminate\\Database\\Migrations\\Migrator.php(393): CreateClientsTable->up()
#10 D:\\.Programs\\xampp\\htdocs\\YOUCOUNSEL\\vendor\\laravel\\framework\\src\\Illuminate\\Database\\Migrations\\Migrator.php(402): Illuminate\\Database\\Migrations\\Migrator->Illuminate\\Database\\Migrations\\{closure}()
#11 D:\\.Programs\\xampp\\htdocs\\YOUCOUNSEL\\vendor\\laravel\\framework\\src\\Illuminate\\Database\\Migrations\\Migrator.php(201): Illuminate\\Database\\Migrations\\Migrator->runMigration(Object(CreateClientsTable), 'up')
#12 D:\\.Programs\\xampp\\htdocs\\YOUCOUNSEL\\vendor\\laravel\\framework\\src\\Illuminate\\Database\\Migrations\\Migrator.php(166): Illuminate\\Database\\Migrations\\Migrator->runUp('D:\\\\.Programs\\\\xa...', 1, false)
#13 D:\\.Programs\\xampp\\htdocs\\YOUCOUNSEL\\vendor\\laravel\\framework\\src\\Illuminate\\Database\\Migrations\\Migrator.php(111): Illuminate\\Database\\Migrations\\Migrator->runPending(Array, Array)
#14 D:\\.Programs\\xampp\\htdocs\\YOUCOUNSEL\\vendor\\laravel\\framework\\src\\Illuminate\\Database\\Console\\Migrations\\MigrateCommand.php(85): Illuminate\\Database\\Migrations\\Migrator->run(Array, Array)
#15 D:\\.Programs\\xampp\\htdocs\\YOUCOUNSEL\\vendor\\laravel\\framework\\src\\Illuminate\\Database\\Migrations\\Migrator.php(576): Illuminate\\Database\\Console\\Migrations\\MigrateCommand->Illuminate\\Database\\Console\\Migrations\\{closure}()
#16 D:\\.Programs\\xampp\\htdocs\\YOUCOUNSEL\\vendor\\laravel\\framework\\src\\Illuminate\\Database\\Console\\Migrations\\MigrateCommand.php(94): Illuminate\\Database\\Migrations\\Migrator->usingConnection(NULL, Object(Closure))
#17 D:\\.Programs\\xampp\\htdocs\\YOUCOUNSEL\\vendor\\laravel\\framework\\src\\Illuminate\\Container\\BoundMethod.php(36): Illuminate\\Database\\Console\\Migrations\\MigrateCommand->handle()
#18 D:\\.Programs\\xampp\\htdocs\\YOUCOUNSEL\\vendor\\laravel\\framework\\src\\Illuminate\\Container\\Util.php(40): Illuminate\\Container\\BoundMethod::Illuminate\\Container\\{closure}()
#19 D:\\.Programs\\xampp\\htdocs\\YOUCOUNSEL\\vendor\\laravel\\framework\\src\\Illuminate\\Container\\BoundMethod.php(93): Illuminate\\Container\\Util::unwrapIfClosure(Object(Closure))
#20 D:\\.Programs\\xampp\\htdocs\\YOUCOUNSEL\\vendor\\laravel\\framework\\src\\Illuminate\\Container\\BoundMethod.php(37): Illuminate\\Container\\BoundMethod::callBoundMethod(Object(Illuminate\\Foundation\\Application), Array, Object(Closure))
#21 D:\\.Programs\\xampp\\htdocs\\YOUCOUNSEL\\vendor\\laravel\\framework\\src\\Illuminate\\Container\\Container.php(611): Illuminate\\Container\\BoundMethod::call(Object(Illuminate\\Foundation\\Application), Array, Array, NULL)
#22 D:\\.Programs\\xampp\\htdocs\\YOUCOUNSEL\\vendor\\laravel\\framework\\src\\Illuminate\\Console\\Command.php(136): Illuminate\\Container\\Container->call(Array)
#23 D:\\.Programs\\xampp\\htdocs\\YOUCOUNSEL\\vendor\\symfony\\console\\Command\\Command.php(256): Illuminate\\Console\\Command->execute(Object(Symfony\\Component\\Console\\Input\\ArgvInput), Object(Illuminate\\Console\\OutputStyle))
#24 D:\\.Programs\\xampp\\htdocs\\YOUCOUNSEL\\vendor\\laravel\\framework\\src\\Illuminate\\Console\\Command.php(121): Symfony\\Component\\Console\\Command\\Command->run(Object(Symfony\\Component\\Console\\Input\\ArgvInput), Object(Illuminate\\Console\\OutputStyle))
#25 D:\\.Programs\\xampp\\htdocs\\YOUCOUNSEL\\vendor\\symfony\\console\\Application.php(971): Illuminate\\Console\\Command->run(Object(Symfony\\Component\\Console\\Input\\ArgvInput), Object(Symfony\\Component\\Console\\Output\\ConsoleOutput))
#26 D:\\.Programs\\xampp\\htdocs\\YOUCOUNSEL\\vendor\\symfony\\console\\Application.php(290): Symfony\\Component\\Console\\Application->doRunCommand(Object(Illuminate\\Database\\Console\\Migrations\\MigrateCommand), Object(Symfony\\Component\\Console\\Input\\ArgvInput), Object(Symfony\\Component\\Console\\Output\\ConsoleOutput))
#27 D:\\.Programs\\xampp\\htdocs\\YOUCOUNSEL\\vendor\\symfony\\console\\Application.php(166): Symfony\\Component\\Console\\Application->doRun(Object(Symfony\\Component\\Console\\Input\\ArgvInput), Object(Symfony\\Component\\Console\\Output\\ConsoleOutput))
#28 D:\\.Programs\\xampp\\htdocs\\YOUCOUNSEL\\vendor\\laravel\\framework\\src\\Illuminate\\Console\\Application.php(92): Symfony\\Component\\Console\\Application->run(Object(Symfony\\Component\\Console\\Input\\ArgvInput), Object(Symfony\\Component\\Console\\Output\\ConsoleOutput))
#29 D:\\.Programs\\xampp\\htdocs\\YOUCOUNSEL\\vendor\\laravel\\framework\\src\\Illuminate\\Foundation\\Console\\Kernel.php(129): Illuminate\\Console\\Application->run(Object(Symfony\\Component\\Console\\Input\\ArgvInput), Object(Symfony\\Component\\Console\\Output\\ConsoleOutput))
#30 D:\\.Programs\\xampp\\htdocs\\YOUCOUNSEL\\artisan(37): Illuminate\\Foundation\\Console\\Kernel->handle(Object(Symfony\\Component\\Console\\Input\\ArgvInput), Object(Symfony\\Component\\Console\\Output\\ConsoleOutput))
#31 {main}
"} 
[2021-04-20 15:14:32] local.ERROR: SQLSTATE[42000]: Syntax error or access violation: 1075 Incorrect table definition; there can be only one auto column and it must be defined as a key (SQL: create table `clients` (`id` bigint unsigned not null auto_increment primary key, `clientsid` varchar(6) not null, `username` varchar(30) not null, `name` varchar(50) not null, `email` varchar(30) not null, `address` varchar(200) not null, `phonenumber` varchar(30) not null, `password` varchar(50) not null, `univname` varchar(100) not null, `access` smallint not null auto_increment primary key, `created_at` timestamp null, `updated_at` timestamp null) default character set utf8mb4 collate 'utf8mb4_unicode_ci') {"exception":"[object] (Illuminate\\Database\\QueryException(code: 42000): SQLSTATE[42000]: Syntax error or access violation: 1075 Incorrect table definition; there can be only one auto column and it must be defined as a key (SQL: create table `clients` (`id` bigint unsigned not null auto_increment primary key, `clientsid` varchar(6) not null, `username` varchar(30) not null, `name` varchar(50) not null, `email` varchar(30) not null, `address` varchar(200) not null, `phonenumber` varchar(30) not null, `password` varchar(50) not null, `univname` varchar(100) not null, `access` smallint not null auto_increment primary key, `created_at` timestamp null, `updated_at` timestamp null) default character set utf8mb4 collate 'utf8mb4_unicode_ci') at D:\\.Programs\\xampp\\htdocs\\YOUCOUNSEL\\vendor\\laravel\\framework\\src\\Illuminate\\Database\\Connection.php:678)
[stacktrace]
#0 D:\\.Programs\\xampp\\htdocs\\YOUCOUNSEL\\vendor\\laravel\\framework\\src\\Illuminate\\Database\\Connection.php(638): Illuminate\\Database\\Connection->runQueryCallback('create table `c...', Array, Object(Closure))
#1 D:\\.Programs\\xampp\\htdocs\\YOUCOUNSEL\\vendor\\laravel\\framework\\src\\Illuminate\\Database\\Connection.php(472): Illuminate\\Database\\Connection->run('create table `c...', Array, Object(Closure))
#2 D:\\.Programs\\xampp\\htdocs\\YOUCOUNSEL\\vendor\\laravel\\framework\\src\\Illuminate\\Database\\Schema\\Blueprint.php(109): Illuminate\\Database\\Connection->statement('create table `c...')
#3 D:\\.Programs\\xampp\\htdocs\\YOUCOUNSEL\\vendor\\laravel\\framework\\src\\Illuminate\\Database\\Schema\\Builder.php(359): Illuminate\\Database\\Schema\\Blueprint->build(Object(Illuminate\\Database\\MySqlConnection), Object(Illuminate\\Database\\Schema\\Grammars\\MySqlGrammar))
#4 D:\\.Programs\\xampp\\htdocs\\YOUCOUNSEL\\vendor\\laravel\\framework\\src\\Illuminate\\Database\\Schema\\Builder.php(222): Illuminate\\Database\\Schema\\Builder->build(Object(Illuminate\\Database\\Schema\\Blueprint))
#5 D:\\.Programs\\xampp\\htdocs\\YOUCOUNSEL\\vendor\\laravel\\framework\\src\\Illuminate\\Support\\Facades\\Facade.php(261): Illuminate\\Database\\Schema\\Builder->create('clients', Object(Closure))
#6 D:\\.Programs\\xampp\\htdocs\\YOUCOUNSEL\\database\\migrations\\2021_04_20_145332_create_clients_table.php(28): Illuminate\\Support\\Facades\\Facade::__callStatic('create', Array)
#7 D:\\.Programs\\xampp\\htdocs\\YOUCOUNSEL\\vendor\\laravel\\framework\\src\\Illuminate\\Database\\Migrations\\Migrator.php(393): CreateClientsTable->up()
#8 D:\\.Programs\\xampp\\htdocs\\YOUCOUNSEL\\vendor\\laravel\\framework\\src\\Illuminate\\Database\\Migrations\\Migrator.php(402): Illuminate\\Database\\Migrations\\Migrator->Illuminate\\Database\\Migrations\\{closure}()
#9 D:\\.Programs\\xampp\\htdocs\\YOUCOUNSEL\\vendor\\laravel\\framework\\src\\Illuminate\\Database\\Migrations\\Migrator.php(201): Illuminate\\Database\\Migrations\\Migrator->runMigration(Object(CreateClientsTable), 'up')
#10 D:\\.Programs\\xampp\\htdocs\\YOUCOUNSEL\\vendor\\laravel\\framework\\src\\Illuminate\\Database\\Migrations\\Migrator.php(166): Illuminate\\Database\\Migrations\\Migrator->runUp('D:\\\\.Programs\\\\xa...', 1, false)
#11 D:\\.Programs\\xampp\\htdocs\\YOUCOUNSEL\\vendor\\laravel\\framework\\src\\Illuminate\\Database\\Migrations\\Migrator.php(111): Illuminate\\Database\\Migrations\\Migrator->runPending(Array, Array)
#12 D:\\.Programs\\xampp\\htdocs\\YOUCOUNSEL\\vendor\\laravel\\framework\\src\\Illuminate\\Database\\Console\\Migrations\\MigrateCommand.php(85): Illuminate\\Database\\Migrations\\Migrator->run(Array, Array)
#13 D:\\.Programs\\xampp\\htdocs\\YOUCOUNSEL\\vendor\\laravel\\framework\\src\\Illuminate\\Database\\Migrations\\Migrator.php(576): Illuminate\\Database\\Console\\Migrations\\MigrateCommand->Illuminate\\Database\\Console\\Migrations\\{closure}()
#14 D:\\.Programs\\xampp\\htdocs\\YOUCOUNSEL\\vendor\\laravel\\framework\\src\\Illuminate\\Database\\Console\\Migrations\\MigrateCommand.php(94): Illuminate\\Database\\Migrations\\Migrator->usingConnection(NULL, Object(Closure))
#15 D:\\.Programs\\xampp\\htdocs\\YOUCOUNSEL\\vendor\\laravel\\framework\\src\\Illuminate\\Container\\BoundMethod.php(36): Illuminate\\Database\\Console\\Migrations\\MigrateCommand->handle()
#16 D:\\.Programs\\xampp\\htdocs\\YOUCOUNSEL\\vendor\\laravel\\framework\\src\\Illuminate\\Container\\Util.php(40): Illuminate\\Container\\BoundMethod::Illuminate\\Container\\{closure}()
#17 D:\\.Programs\\xampp\\htdocs\\YOUCOUNSEL\\vendor\\laravel\\framework\\src\\Illuminate\\Container\\BoundMethod.php(93): Illuminate\\Container\\Util::unwrapIfClosure(Object(Closure))
#18 D:\\.Programs\\xampp\\htdocs\\YOUCOUNSEL\\vendor\\laravel\\framework\\src\\Illuminate\\Container\\BoundMethod.php(37): Illuminate\\Container\\BoundMethod::callBoundMethod(Object(Illuminate\\Foundation\\Application), Array, Object(Closure))
#19 D:\\.Programs\\xampp\\htdocs\\YOUCOUNSEL\\vendor\\laravel\\framework\\src\\Illuminate\\Container\\Container.php(611): Illuminate\\Container\\BoundMethod::call(Object(Illuminate\\Foundation\\Application), Array, Array, NULL)
#20 D:\\.Programs\\xampp\\htdocs\\YOUCOUNSEL\\vendor\\laravel\\framework\\src\\Illuminate\\Console\\Command.php(136): Illuminate\\Container\\Container->call(Array)
#21 D:\\.Programs\\xampp\\htdocs\\YOUCOUNSEL\\vendor\\symfony\\console\\Command\\Command.php(256): Illuminate\\Console\\Command->execute(Object(Symfony\\Component\\Console\\Input\\ArgvInput), Object(Illuminate\\Console\\OutputStyle))
#22 D:\\.Programs\\xampp\\htdocs\\YOUCOUNSEL\\vendor\\laravel\\framework\\src\\Illuminate\\Console\\Command.php(121): Symfony\\Component\\Console\\Command\\Command->run(Object(Symfony\\Component\\Console\\Input\\ArgvInput), Object(Illuminate\\Console\\OutputStyle))
#23 D:\\.Programs\\xampp\\htdocs\\YOUCOUNSEL\\vendor\\symfony\\console\\Application.php(971): Illuminate\\Console\\Command->run(Object(Symfony\\Component\\Console\\Input\\ArgvInput), Object(Symfony\\Component\\Console\\Output\\ConsoleOutput))
#24 D:\\.Programs\\xampp\\htdocs\\YOUCOUNSEL\\vendor\\symfony\\console\\Application.php(290): Symfony\\Component\\Console\\Application->doRunCommand(Object(Illuminate\\Database\\Console\\Migrations\\MigrateCommand), Object(Symfony\\Component\\Console\\Input\\ArgvInput), Object(Symfony\\Component\\Console\\Output\\ConsoleOutput))
#25 D:\\.Programs\\xampp\\htdocs\\YOUCOUNSEL\\vendor\\symfony\\console\\Application.php(166): Symfony\\Component\\Console\\Application->doRun(Object(Symfony\\Component\\Console\\Input\\ArgvInput), Object(Symfony\\Component\\Console\\Output\\ConsoleOutput))
#26 D:\\.Programs\\xampp\\htdocs\\YOUCOUNSEL\\vendor\\laravel\\framework\\src\\Illuminate\\Console\\Application.php(92): Symfony\\Component\\Console\\Application->run(Object(Symfony\\Component\\Console\\Input\\ArgvInput), Object(Symfony\\Component\\Console\\Output\\ConsoleOutput))
#27 D:\\.Programs\\xampp\\htdocs\\YOUCOUNSEL\\vendor\\laravel\\framework\\src\\Illuminate\\Foundation\\Console\\Kernel.php(129): Illuminate\\Console\\Application->run(Object(Symfony\\Component\\Console\\Input\\ArgvInput), Object(Symfony\\Component\\Console\\Output\\ConsoleOutput))
#28 D:\\.Programs\\xampp\\htdocs\\YOUCOUNSEL\\artisan(37): Illuminate\\Foundation\\Console\\Kernel->handle(Object(Symfony\\Component\\Console\\Input\\ArgvInput), Object(Symfony\\Component\\Console\\Output\\ConsoleOutput))
#29 {main}

[previous exception] [object] (PDOException(code: 42000): SQLSTATE[42000]: Syntax error or access violation: 1075 Incorrect table definition; there can be only one auto column and it must be defined as a key at D:\\.Programs\\xampp\\htdocs\\YOUCOUNSEL\\vendor\\laravel\\framework\\src\\Illuminate\\Database\\Connection.php:471)
[stacktrace]
#0 D:\\.Programs\\xampp\\htdocs\\YOUCOUNSEL\\vendor\\laravel\\framework\\src\\Illuminate\\Database\\Connection.php(471): PDOStatement->execute()
#1 D:\\.Programs\\xampp\\htdocs\\YOUCOUNSEL\\vendor\\laravel\\framework\\src\\Illuminate\\Database\\Connection.php(671): Illuminate\\Database\\Connection->Illuminate\\Database\\{closure}('create table `c...', Array)
#2 D:\\.Programs\\xampp\\htdocs\\YOUCOUNSEL\\vendor\\laravel\\framework\\src\\Illuminate\\Database\\Connection.php(638): Illuminate\\Database\\Connection->runQueryCallback('create table `c...', Array, Object(Closure))
#3 D:\\.Programs\\xampp\\htdocs\\YOUCOUNSEL\\vendor\\laravel\\framework\\src\\Illuminate\\Database\\Connection.php(472): Illuminate\\Database\\Connection->run('create table `c...', Array, Object(Closure))
#4 D:\\.Programs\\xampp\\htdocs\\YOUCOUNSEL\\vendor\\laravel\\framework\\src\\Illuminate\\Database\\Schema\\Blueprint.php(109): Illuminate\\Database\\Connection->statement('create table `c...')
#5 D:\\.Programs\\xampp\\htdocs\\YOUCOUNSEL\\vendor\\laravel\\framework\\src\\Illuminate\\Database\\Schema\\Builder.php(359): Illuminate\\Database\\Schema\\Blueprint->build(Object(Illuminate\\Database\\MySqlConnection), Object(Illuminate\\Database\\Schema\\Grammars\\MySqlGrammar))
#6 D:\\.Programs\\xampp\\htdocs\\YOUCOUNSEL\\vendor\\laravel\\framework\\src\\Illuminate\\Database\\Schema\\Builder.php(222): Illuminate\\Database\\Schema\\Builder->build(Object(Illuminate\\Database\\Schema\\Blueprint))
#7 D:\\.Programs\\xampp\\htdocs\\YOUCOUNSEL\\vendor\\laravel\\framework\\src\\Illuminate\\Support\\Facades\\Facade.php(261): Illuminate\\Database\\Schema\\Builder->create('clients', Object(Closure))
#8 D:\\.Programs\\xampp\\htdocs\\YOUCOUNSEL\\database\\migrations\\2021_04_20_145332_create_clients_table.php(28): Illuminate\\Support\\Facades\\Facade::__callStatic('create', Array)
#9 D:\\.Programs\\xampp\\htdocs\\YOUCOUNSEL\\vendor\\laravel\\framework\\src\\Illuminate\\Database\\Migrations\\Migrator.php(393): CreateClientsTable->up()
#10 D:\\.Programs\\xampp\\htdocs\\YOUCOUNSEL\\vendor\\laravel\\framework\\src\\Illuminate\\Database\\Migrations\\Migrator.php(402): Illuminate\\Database\\Migrations\\Migrator->Illuminate\\Database\\Migrations\\{closure}()
#11 D:\\.Programs\\xampp\\htdocs\\YOUCOUNSEL\\vendor\\laravel\\framework\\src\\Illuminate\\Database\\Migrations\\Migrator.php(201): Illuminate\\Database\\Migrations\\Migrator->runMigration(Object(CreateClientsTable), 'up')
#12 D:\\.Programs\\xampp\\htdocs\\YOUCOUNSEL\\vendor\\laravel\\framework\\src\\Illuminate\\Database\\Migrations\\Migrator.php(166): Illuminate\\Database\\Migrations\\Migrator->runUp('D:\\\\.Programs\\\\xa...', 1, false)
#13 D:\\.Programs\\xampp\\htdocs\\YOUCOUNSEL\\vendor\\laravel\\framework\\src\\Illuminate\\Database\\Migrations\\Migrator.php(111): Illuminate\\Database\\Migrations\\Migrator->runPending(Array, Array)
#14 D:\\.Programs\\xampp\\htdocs\\YOUCOUNSEL\\vendor\\laravel\\framework\\src\\Illuminate\\Database\\Console\\Migrations\\MigrateCommand.php(85): Illuminate\\Database\\Migrations\\Migrator->run(Array, Array)
#15 D:\\.Programs\\xampp\\htdocs\\YOUCOUNSEL\\vendor\\laravel\\framework\\src\\Illuminate\\Database\\Migrations\\Migrator.php(576): Illuminate\\Database\\Console\\Migrations\\MigrateCommand->Illuminate\\Database\\Console\\Migrations\\{closure}()
#16 D:\\.Programs\\xampp\\htdocs\\YOUCOUNSEL\\vendor\\laravel\\framework\\src\\Illuminate\\Database\\Console\\Migrations\\MigrateCommand.php(94): Illuminate\\Database\\Migrations\\Migrator->usingConnection(NULL, Object(Closure))
#17 D:\\.Programs\\xampp\\htdocs\\YOUCOUNSEL\\vendor\\laravel\\framework\\src\\Illuminate\\Container\\BoundMethod.php(36): Illuminate\\Database\\Console\\Migrations\\MigrateCommand->handle()
#18 D:\\.Programs\\xampp\\htdocs\\YOUCOUNSEL\\vendor\\laravel\\framework\\src\\Illuminate\\Container\\Util.php(40): Illuminate\\Container\\BoundMethod::Illuminate\\Container\\{closure}()
#19 D:\\.Programs\\xampp\\htdocs\\YOUCOUNSEL\\vendor\\laravel\\framework\\src\\Illuminate\\Container\\BoundMethod.php(93): Illuminate\\Container\\Util::unwrapIfClosure(Object(Closure))
#20 D:\\.Programs\\xampp\\htdocs\\YOUCOUNSEL\\vendor\\laravel\\framework\\src\\Illuminate\\Container\\BoundMethod.php(37): Illuminate\\Container\\BoundMethod::callBoundMethod(Object(Illuminate\\Foundation\\Application), Array, Object(Closure))
#21 D:\\.Programs\\xampp\\htdocs\\YOUCOUNSEL\\vendor\\laravel\\framework\\src\\Illuminate\\Container\\Container.php(611): Illuminate\\Container\\BoundMethod::call(Object(Illuminate\\Foundation\\Application), Array, Array, NULL)
#22 D:\\.Programs\\xampp\\htdocs\\YOUCOUNSEL\\vendor\\laravel\\framework\\src\\Illuminate\\Console\\Command.php(136): Illuminate\\Container\\Container->call(Array)
#23 D:\\.Programs\\xampp\\htdocs\\YOUCOUNSEL\\vendor\\symfony\\console\\Command\\Command.php(256): Illuminate\\Console\\Command->execute(Object(Symfony\\Component\\Console\\Input\\ArgvInput), Object(Illuminate\\Console\\OutputStyle))
#24 D:\\.Programs\\xampp\\htdocs\\YOUCOUNSEL\\vendor\\laravel\\framework\\src\\Illuminate\\Console\\Command.php(121): Symfony\\Component\\Console\\Command\\Command->run(Object(Symfony\\Component\\Console\\Input\\ArgvInput), Object(Illuminate\\Console\\OutputStyle))
#25 D:\\.Programs\\xampp\\htdocs\\YOUCOUNSEL\\vendor\\symfony\\console\\Application.php(971): Illuminate\\Console\\Command->run(Object(Symfony\\Component\\Console\\Input\\ArgvInput), Object(Symfony\\Component\\Console\\Output\\ConsoleOutput))
#26 D:\\.Programs\\xampp\\htdocs\\YOUCOUNSEL\\vendor\\symfony\\console\\Application.php(290): Symfony\\Component\\Console\\Application->doRunCommand(Object(Illuminate\\Database\\Console\\Migrations\\MigrateCommand), Object(Symfony\\Component\\Console\\Input\\ArgvInput), Object(Symfony\\Component\\Console\\Output\\ConsoleOutput))
#27 D:\\.Programs\\xampp\\htdocs\\YOUCOUNSEL\\vendor\\symfony\\console\\Application.php(166): Symfony\\Component\\Console\\Application->doRun(Object(Symfony\\Component\\Console\\Input\\ArgvInput), Object(Symfony\\Component\\Console\\Output\\ConsoleOutput))
#28 D:\\.Programs\\xampp\\htdocs\\YOUCOUNSEL\\vendor\\laravel\\framework\\src\\Illuminate\\Console\\Application.php(92): Symfony\\Component\\Console\\Application->run(Object(Symfony\\Component\\Console\\Input\\ArgvInput), Object(Symfony\\Component\\Console\\Output\\ConsoleOutput))
#29 D:\\.Programs\\xampp\\htdocs\\YOUCOUNSEL\\vendor\\laravel\\framework\\src\\Illuminate\\Foundation\\Console\\Kernel.php(129): Illuminate\\Console\\Application->run(Object(Symfony\\Component\\Console\\Input\\ArgvInput), Object(Symfony\\Component\\Console\\Output\\ConsoleOutput))
#30 D:\\.Programs\\xampp\\htdocs\\YOUCOUNSEL\\artisan(37): Illuminate\\Foundation\\Console\\Kernel->handle(Object(Symfony\\Component\\Console\\Input\\ArgvInput), Object(Symfony\\Component\\Console\\Output\\ConsoleOutput))
#31 {main}
"} 
[2021-04-20 15:14:42] local.ERROR: SQLSTATE[42000]: Syntax error or access violation: 1075 Incorrect table definition; there can be only one auto column and it must be defined as a key (SQL: create table `clients` (`id` bigint unsigned not null auto_increment primary key, `clientsid` varchar(6) not null, `username` varchar(30) not null, `name` varchar(50) not null, `email` varchar(30) not null, `address` varchar(200) not null, `phonenumber` varchar(30) not null, `password` varchar(50) not null, `univname` varchar(100) not null, `access` smallint not null auto_increment primary key, `created_at` timestamp null, `updated_at` timestamp null) default character set utf8mb4 collate 'utf8mb4_unicode_ci') {"exception":"[object] (Illuminate\\Database\\QueryException(code: 42000): SQLSTATE[42000]: Syntax error or access violation: 1075 Incorrect table definition; there can be only one auto column and it must be defined as a key (SQL: create table `clients` (`id` bigint unsigned not null auto_increment primary key, `clientsid` varchar(6) not null, `username` varchar(30) not null, `name` varchar(50) not null, `email` varchar(30) not null, `address` varchar(200) not null, `phonenumber` varchar(30) not null, `password` varchar(50) not null, `univname` varchar(100) not null, `access` smallint not null auto_increment primary key, `created_at` timestamp null, `updated_at` timestamp null) default character set utf8mb4 collate 'utf8mb4_unicode_ci') at D:\\.Programs\\xampp\\htdocs\\YOUCOUNSEL\\vendor\\laravel\\framework\\src\\Illuminate\\Database\\Connection.php:678)
[stacktrace]
#0 D:\\.Programs\\xampp\\htdocs\\YOUCOUNSEL\\vendor\\laravel\\framework\\src\\Illuminate\\Database\\Connection.php(638): Illuminate\\Database\\Connection->runQueryCallback('create table `c...', Array, Object(Closure))
#1 D:\\.Programs\\xampp\\htdocs\\YOUCOUNSEL\\vendor\\laravel\\framework\\src\\Illuminate\\Database\\Connection.php(472): Illuminate\\Database\\Connection->run('create table `c...', Array, Object(Closure))
#2 D:\\.Programs\\xampp\\htdocs\\YOUCOUNSEL\\vendor\\laravel\\framework\\src\\Illuminate\\Database\\Schema\\Blueprint.php(109): Illuminate\\Database\\Connection->statement('create table `c...')
#3 D:\\.Programs\\xampp\\htdocs\\YOUCOUNSEL\\vendor\\laravel\\framework\\src\\Illuminate\\Database\\Schema\\Builder.php(359): Illuminate\\Database\\Schema\\Blueprint->build(Object(Illuminate\\Database\\MySqlConnection), Object(Illuminate\\Database\\Schema\\Grammars\\MySqlGrammar))
#4 D:\\.Programs\\xampp\\htdocs\\YOUCOUNSEL\\vendor\\laravel\\framework\\src\\Illuminate\\Database\\Schema\\Builder.php(222): Illuminate\\Database\\Schema\\Builder->build(Object(Illuminate\\Database\\Schema\\Blueprint))
#5 D:\\.Programs\\xampp\\htdocs\\YOUCOUNSEL\\vendor\\laravel\\framework\\src\\Illuminate\\Support\\Facades\\Facade.php(261): Illuminate\\Database\\Schema\\Builder->create('clients', Object(Closure))
#6 D:\\.Programs\\xampp\\htdocs\\YOUCOUNSEL\\database\\migrations\\2021_04_20_145332_create_clients_table.php(28): Illuminate\\Support\\Facades\\Facade::__callStatic('create', Array)
#7 D:\\.Programs\\xampp\\htdocs\\YOUCOUNSEL\\vendor\\laravel\\framework\\src\\Illuminate\\Database\\Migrations\\Migrator.php(393): CreateClientsTable->up()
#8 D:\\.Programs\\xampp\\htdocs\\YOUCOUNSEL\\vendor\\laravel\\framework\\src\\Illuminate\\Database\\Migrations\\Migrator.php(402): Illuminate\\Database\\Migrations\\Migrator->Illuminate\\Database\\Migrations\\{closure}()
#9 D:\\.Programs\\xampp\\htdocs\\YOUCOUNSEL\\vendor\\laravel\\framework\\src\\Illuminate\\Database\\Migrations\\Migrator.php(201): Illuminate\\Database\\Migrations\\Migrator->runMigration(Object(CreateClientsTable), 'up')
#10 D:\\.Programs\\xampp\\htdocs\\YOUCOUNSEL\\vendor\\laravel\\framework\\src\\Illuminate\\Database\\Migrations\\Migrator.php(166): Illuminate\\Database\\Migrations\\Migrator->runUp('D:\\\\.Programs\\\\xa...', 1, false)
#11 D:\\.Programs\\xampp\\htdocs\\YOUCOUNSEL\\vendor\\laravel\\framework\\src\\Illuminate\\Database\\Migrations\\Migrator.php(111): Illuminate\\Database\\Migrations\\Migrator->runPending(Array, Array)
#12 D:\\.Programs\\xampp\\htdocs\\YOUCOUNSEL\\vendor\\laravel\\framework\\src\\Illuminate\\Database\\Console\\Migrations\\MigrateCommand.php(85): Illuminate\\Database\\Migrations\\Migrator->run(Array, Array)
#13 D:\\.Programs\\xampp\\htdocs\\YOUCOUNSEL\\vendor\\laravel\\framework\\src\\Illuminate\\Database\\Migrations\\Migrator.php(576): Illuminate\\Database\\Console\\Migrations\\MigrateCommand->Illuminate\\Database\\Console\\Migrations\\{closure}()
#14 D:\\.Programs\\xampp\\htdocs\\YOUCOUNSEL\\vendor\\laravel\\framework\\src\\Illuminate\\Database\\Console\\Migrations\\MigrateCommand.php(94): Illuminate\\Database\\Migrations\\Migrator->usingConnection(NULL, Object(Closure))
#15 D:\\.Programs\\xampp\\htdocs\\YOUCOUNSEL\\vendor\\laravel\\framework\\src\\Illuminate\\Container\\BoundMethod.php(36): Illuminate\\Database\\Console\\Migrations\\MigrateCommand->handle()
#16 D:\\.Programs\\xampp\\htdocs\\YOUCOUNSEL\\vendor\\laravel\\framework\\src\\Illuminate\\Container\\Util.php(40): Illuminate\\Container\\BoundMethod::Illuminate\\Container\\{closure}()
#17 D:\\.Programs\\xampp\\htdocs\\YOUCOUNSEL\\vendor\\laravel\\framework\\src\\Illuminate\\Container\\BoundMethod.php(93): Illuminate\\Container\\Util::unwrapIfClosure(Object(Closure))
#18 D:\\.Programs\\xampp\\htdocs\\YOUCOUNSEL\\vendor\\laravel\\framework\\src\\Illuminate\\Container\\BoundMethod.php(37): Illuminate\\Container\\BoundMethod::callBoundMethod(Object(Illuminate\\Foundation\\Application), Array, Object(Closure))
#19 D:\\.Programs\\xampp\\htdocs\\YOUCOUNSEL\\vendor\\laravel\\framework\\src\\Illuminate\\Container\\Container.php(611): Illuminate\\Container\\BoundMethod::call(Object(Illuminate\\Foundation\\Application), Array, Array, NULL)
#20 D:\\.Programs\\xampp\\htdocs\\YOUCOUNSEL\\vendor\\laravel\\framework\\src\\Illuminate\\Console\\Command.php(136): Illuminate\\Container\\Container->call(Array)
#21 D:\\.Programs\\xampp\\htdocs\\YOUCOUNSEL\\vendor\\symfony\\console\\Command\\Command.php(256): Illuminate\\Console\\Command->execute(Object(Symfony\\Component\\Console\\Input\\ArgvInput), Object(Illuminate\\Console\\OutputStyle))
#22 D:\\.Programs\\xampp\\htdocs\\YOUCOUNSEL\\vendor\\laravel\\framework\\src\\Illuminate\\Console\\Command.php(121): Symfony\\Component\\Console\\Command\\Command->run(Object(Symfony\\Component\\Console\\Input\\ArgvInput), Object(Illuminate\\Console\\OutputStyle))
#23 D:\\.Programs\\xampp\\htdocs\\YOUCOUNSEL\\vendor\\symfony\\console\\Application.php(971): Illuminate\\Console\\Command->run(Object(Symfony\\Component\\Console\\Input\\ArgvInput), Object(Symfony\\Component\\Console\\Output\\ConsoleOutput))
#24 D:\\.Programs\\xampp\\htdocs\\YOUCOUNSEL\\vendor\\symfony\\console\\Application.php(290): Symfony\\Component\\Console\\Application->doRunCommand(Object(Illuminate\\Database\\Console\\Migrations\\MigrateCommand), Object(Symfony\\Component\\Console\\Input\\ArgvInput), Object(Symfony\\Component\\Console\\Output\\ConsoleOutput))
#25 D:\\.Programs\\xampp\\htdocs\\YOUCOUNSEL\\vendor\\symfony\\console\\Application.php(166): Symfony\\Component\\Console\\Application->doRun(Object(Symfony\\Component\\Console\\Input\\ArgvInput), Object(Symfony\\Component\\Console\\Output\\ConsoleOutput))
#26 D:\\.Programs\\xampp\\htdocs\\YOUCOUNSEL\\vendor\\laravel\\framework\\src\\Illuminate\\Console\\Application.php(92): Symfony\\Component\\Console\\Application->run(Object(Symfony\\Component\\Console\\Input\\ArgvInput), Object(Symfony\\Component\\Console\\Output\\ConsoleOutput))
#27 D:\\.Programs\\xampp\\htdocs\\YOUCOUNSEL\\vendor\\laravel\\framework\\src\\Illuminate\\Foundation\\Console\\Kernel.php(129): Illuminate\\Console\\Application->run(Object(Symfony\\Component\\Console\\Input\\ArgvInput), Object(Symfony\\Component\\Console\\Output\\ConsoleOutput))
#28 D:\\.Programs\\xampp\\htdocs\\YOUCOUNSEL\\artisan(37): Illuminate\\Foundation\\Console\\Kernel->handle(Object(Symfony\\Component\\Console\\Input\\ArgvInput), Object(Symfony\\Component\\Console\\Output\\ConsoleOutput))
#29 {main}

[previous exception] [object] (PDOException(code: 42000): SQLSTATE[42000]: Syntax error or access violation: 1075 Incorrect table definition; there can be only one auto column and it must be defined as a key at D:\\.Programs\\xampp\\htdocs\\YOUCOUNSEL\\vendor\\laravel\\framework\\src\\Illuminate\\Database\\Connection.php:471)
[stacktrace]
#0 D:\\.Programs\\xampp\\htdocs\\YOUCOUNSEL\\vendor\\laravel\\framework\\src\\Illuminate\\Database\\Connection.php(471): PDOStatement->execute()
#1 D:\\.Programs\\xampp\\htdocs\\YOUCOUNSEL\\vendor\\laravel\\framework\\src\\Illuminate\\Database\\Connection.php(671): Illuminate\\Database\\Connection->Illuminate\\Database\\{closure}('create table `c...', Array)
#2 D:\\.Programs\\xampp\\htdocs\\YOUCOUNSEL\\vendor\\laravel\\framework\\src\\Illuminate\\Database\\Connection.php(638): Illuminate\\Database\\Connection->runQueryCallback('create table `c...', Array, Object(Closure))
#3 D:\\.Programs\\xampp\\htdocs\\YOUCOUNSEL\\vendor\\laravel\\framework\\src\\Illuminate\\Database\\Connection.php(472): Illuminate\\Database\\Connection->run('create table `c...', Array, Object(Closure))
#4 D:\\.Programs\\xampp\\htdocs\\YOUCOUNSEL\\vendor\\laravel\\framework\\src\\Illuminate\\Database\\Schema\\Blueprint.php(109): Illuminate\\Database\\Connection->statement('create table `c...')
#5 D:\\.Programs\\xampp\\htdocs\\YOUCOUNSEL\\vendor\\laravel\\framework\\src\\Illuminate\\Database\\Schema\\Builder.php(359): Illuminate\\Database\\Schema\\Blueprint->build(Object(Illuminate\\Database\\MySqlConnection), Object(Illuminate\\Database\\Schema\\Grammars\\MySqlGrammar))
#6 D:\\.Programs\\xampp\\htdocs\\YOUCOUNSEL\\vendor\\laravel\\framework\\src\\Illuminate\\Database\\Schema\\Builder.php(222): Illuminate\\Database\\Schema\\Builder->build(Object(Illuminate\\Database\\Schema\\Blueprint))
#7 D:\\.Programs\\xampp\\htdocs\\YOUCOUNSEL\\vendor\\laravel\\framework\\src\\Illuminate\\Support\\Facades\\Facade.php(261): Illuminate\\Database\\Schema\\Builder->create('clients', Object(Closure))
#8 D:\\.Programs\\xampp\\htdocs\\YOUCOUNSEL\\database\\migrations\\2021_04_20_145332_create_clients_table.php(28): Illuminate\\Support\\Facades\\Facade::__callStatic('create', Array)
#9 D:\\.Programs\\xampp\\htdocs\\YOUCOUNSEL\\vendor\\laravel\\framework\\src\\Illuminate\\Database\\Migrations\\Migrator.php(393): CreateClientsTable->up()
#10 D:\\.Programs\\xampp\\htdocs\\YOUCOUNSEL\\vendor\\laravel\\framework\\src\\Illuminate\\Database\\Migrations\\Migrator.php(402): Illuminate\\Database\\Migrations\\Migrator->Illuminate\\Database\\Migrations\\{closure}()
#11 D:\\.Programs\\xampp\\htdocs\\YOUCOUNSEL\\vendor\\laravel\\framework\\src\\Illuminate\\Database\\Migrations\\Migrator.php(201): Illuminate\\Database\\Migrations\\Migrator->runMigration(Object(CreateClientsTable), 'up')
#12 D:\\.Programs\\xampp\\htdocs\\YOUCOUNSEL\\vendor\\laravel\\framework\\src\\Illuminate\\Database\\Migrations\\Migrator.php(166): Illuminate\\Database\\Migrations\\Migrator->runUp('D:\\\\.Programs\\\\xa...', 1, false)
#13 D:\\.Programs\\xampp\\htdocs\\YOUCOUNSEL\\vendor\\laravel\\framework\\src\\Illuminate\\Database\\Migrations\\Migrator.php(111): Illuminate\\Database\\Migrations\\Migrator->runPending(Array, Array)
#14 D:\\.Programs\\xampp\\htdocs\\YOUCOUNSEL\\vendor\\laravel\\framework\\src\\Illuminate\\Database\\Console\\Migrations\\MigrateCommand.php(85): Illuminate\\Database\\Migrations\\Migrator->run(Array, Array)
#15 D:\\.Programs\\xampp\\htdocs\\YOUCOUNSEL\\vendor\\laravel\\framework\\src\\Illuminate\\Database\\Migrations\\Migrator.php(576): Illuminate\\Database\\Console\\Migrations\\MigrateCommand->Illuminate\\Database\\Console\\Migrations\\{closure}()
#16 D:\\.Programs\\xampp\\htdocs\\YOUCOUNSEL\\vendor\\laravel\\framework\\src\\Illuminate\\Database\\Console\\Migrations\\MigrateCommand.php(94): Illuminate\\Database\\Migrations\\Migrator->usingConnection(NULL, Object(Closure))
#17 D:\\.Programs\\xampp\\htdocs\\YOUCOUNSEL\\vendor\\laravel\\framework\\src\\Illuminate\\Container\\BoundMethod.php(36): Illuminate\\Database\\Console\\Migrations\\MigrateCommand->handle()
#18 D:\\.Programs\\xampp\\htdocs\\YOUCOUNSEL\\vendor\\laravel\\framework\\src\\Illuminate\\Container\\Util.php(40): Illuminate\\Container\\BoundMethod::Illuminate\\Container\\{closure}()
#19 D:\\.Programs\\xampp\\htdocs\\YOUCOUNSEL\\vendor\\laravel\\framework\\src\\Illuminate\\Container\\BoundMethod.php(93): Illuminate\\Container\\Util::unwrapIfClosure(Object(Closure))
#20 D:\\.Programs\\xampp\\htdocs\\YOUCOUNSEL\\vendor\\laravel\\framework\\src\\Illuminate\\Container\\BoundMethod.php(37): Illuminate\\Container\\BoundMethod::callBoundMethod(Object(Illuminate\\Foundation\\Application), Array, Object(Closure))
#21 D:\\.Programs\\xampp\\htdocs\\YOUCOUNSEL\\vendor\\laravel\\framework\\src\\Illuminate\\Container\\Container.php(611): Illuminate\\Container\\BoundMethod::call(Object(Illuminate\\Foundation\\Application), Array, Array, NULL)
#22 D:\\.Programs\\xampp\\htdocs\\YOUCOUNSEL\\vendor\\laravel\\framework\\src\\Illuminate\\Console\\Command.php(136): Illuminate\\Container\\Container->call(Array)
#23 D:\\.Programs\\xampp\\htdocs\\YOUCOUNSEL\\vendor\\symfony\\console\\Command\\Command.php(256): Illuminate\\Console\\Command->execute(Object(Symfony\\Component\\Console\\Input\\ArgvInput), Object(Illuminate\\Console\\OutputStyle))
#24 D:\\.Programs\\xampp\\htdocs\\YOUCOUNSEL\\vendor\\laravel\\framework\\src\\Illuminate\\Console\\Command.php(121): Symfony\\Component\\Console\\Command\\Command->run(Object(Symfony\\Component\\Console\\Input\\ArgvInput), Object(Illuminate\\Console\\OutputStyle))
#25 D:\\.Programs\\xampp\\htdocs\\YOUCOUNSEL\\vendor\\symfony\\console\\Application.php(971): Illuminate\\Console\\Command->run(Object(Symfony\\Component\\Console\\Input\\ArgvInput), Object(Symfony\\Component\\Console\\Output\\ConsoleOutput))
#26 D:\\.Programs\\xampp\\htdocs\\YOUCOUNSEL\\vendor\\symfony\\console\\Application.php(290): Symfony\\Component\\Console\\Application->doRunCommand(Object(Illuminate\\Database\\Console\\Migrations\\MigrateCommand), Object(Symfony\\Component\\Console\\Input\\ArgvInput), Object(Symfony\\Component\\Console\\Output\\ConsoleOutput))
#27 D:\\.Programs\\xampp\\htdocs\\YOUCOUNSEL\\vendor\\symfony\\console\\Application.php(166): Symfony\\Component\\Console\\Application->doRun(Object(Symfony\\Component\\Console\\Input\\ArgvInput), Object(Symfony\\Component\\Console\\Output\\ConsoleOutput))
#28 D:\\.Programs\\xampp\\htdocs\\YOUCOUNSEL\\vendor\\laravel\\framework\\src\\Illuminate\\Console\\Application.php(92): Symfony\\Component\\Console\\Application->run(Object(Symfony\\Component\\Console\\Input\\ArgvInput), Object(Symfony\\Component\\Console\\Output\\ConsoleOutput))
#29 D:\\.Programs\\xampp\\htdocs\\YOUCOUNSEL\\vendor\\laravel\\framework\\src\\Illuminate\\Foundation\\Console\\Kernel.php(129): Illuminate\\Console\\Application->run(Object(Symfony\\Component\\Console\\Input\\ArgvInput), Object(Symfony\\Component\\Console\\Output\\ConsoleOutput))
#30 D:\\.Programs\\xampp\\htdocs\\YOUCOUNSEL\\artisan(37): Illuminate\\Foundation\\Console\\Kernel->handle(Object(Symfony\\Component\\Console\\Input\\ArgvInput), Object(Symfony\\Component\\Console\\Output\\ConsoleOutput))
#31 {main}
"} 
